This file contains any messages produced by compilers while
running configure, to aid debugging if configure makes a mistake.

It was created by poppler configure 0.12.4, which was
generated by GNU Autoconf 2.67.  Invocation command line was

  $ ./configure --no-create --no-recursion

## --------- ##
## Platform. ##
## --------- ##

hostname = wilsonBEAST
uname -m = x86_64
uname -r = 2.6.32-5-amd64
uname -s = Linux
uname -v = #1 SMP Sun May 6 04:00:17 UTC 2012

/usr/bin/uname -p = unknown
/bin/uname -X     = unknown

/bin/arch              = unknown
/usr/bin/arch -k       = unknown
/usr/convex/getsysinfo = unknown
/usr/bin/hostinfo      = unknown
/bin/machine           = unknown
/usr/bin/oslevel       = unknown
/bin/universe          = unknown

PATH: /home/wilson/bin
PATH: /usr/local/bin
PATH: /usr/bin
PATH: /bin
PATH: /usr/local/games
PATH: /usr/games
PATH: /home/wilson/bin
PATH: /home/wilson/documents/Dropbox/preferences/bin


## ----------- ##
## Core tests. ##
## ----------- ##

configure:2858: checking for a BSD-compatible install
configure:2926: result: /usr/bin/install -c
configure:2937: checking whether build environment is sane
configure:2987: result: yes
configure:3128: checking for a thread-safe mkdir -p
configure:3167: result: /bin/mkdir -p
configure:3180: checking for gawk
configure:3196: found /usr/bin/gawk
configure:3207: result: gawk
configure:3218: checking whether make sets $(MAKE)
configure:3240: result: yes
configure:3341: checking build system type
configure:3355: result: x86_64-unknown-linux-gnu
configure:3375: checking host system type
configure:3388: result: x86_64-unknown-linux-gnu
configure:3749: checking for style of include used by make
configure:3777: result: GNU
configure:3847: checking for gcc
configure:3863: found /usr/bin/gcc
configure:3874: result: gcc
configure:4103: checking for C compiler version
configure:4112: gcc --version >&5
gcc (Debian 4.4.5-8) 4.4.5
Copyright (C) 2010 Free Software Foundation, Inc.
This is free software; see the source for copying conditions.  There is NO
warranty; not even for MERCHANTABILITY or FITNESS FOR A PARTICULAR PURPOSE.

configure:4123: $? = 0
configure:4112: gcc -v >&5
Using built-in specs.
Target: x86_64-linux-gnu
Configured with: ../src/configure -v --with-pkgversion='Debian 4.4.5-8' --with-bugurl=file:///usr/share/doc/gcc-4.4/README.Bugs --enable-languages=c,c++,fortran,objc,obj-c++ --prefix=/usr --program-suffix=-4.4 --enable-shared --enable-multiarch --enable-linker-build-id --with-system-zlib --libexecdir=/usr/lib --without-included-gettext --enable-threads=posix --with-gxx-include-dir=/usr/include/c++/4.4 --libdir=/usr/lib --enable-nls --enable-clocale=gnu --enable-libstdcxx-debug --enable-objc-gc --with-arch-32=i586 --with-tune=generic --enable-checking=release --build=x86_64-linux-gnu --host=x86_64-linux-gnu --target=x86_64-linux-gnu
Thread model: posix
gcc version 4.4.5 (Debian 4.4.5-8) 
configure:4123: $? = 0
configure:4112: gcc -V >&5
gcc: '-V' option must have argument
configure:4123: $? = 1
configure:4112: gcc -qversion >&5
gcc: unrecognized option '-qversion'
gcc: no input files
configure:4123: $? = 1
configure:4143: checking whether the C compiler works
configure:4165: gcc    conftest.c  >&5
configure:4169: $? = 0
configure:4217: result: yes
configure:4220: checking for C compiler default output file name
configure:4222: result: a.out
configure:4228: checking for suffix of executables
configure:4235: gcc -o conftest    conftest.c  >&5
configure:4239: $? = 0
configure:4261: result: 
configure:4283: checking whether we are cross compiling
configure:4291: gcc -o conftest    conftest.c  >&5
configure:4295: $? = 0
configure:4302: ./conftest
configure:4306: $? = 0
configure:4321: result: no
configure:4326: checking for suffix of object files
configure:4348: gcc -c   conftest.c >&5
configure:4352: $? = 0
configure:4373: result: o
configure:4377: checking whether we are using the GNU C compiler
configure:4396: gcc -c   conftest.c >&5
configure:4396: $? = 0
configure:4405: result: yes
configure:4414: checking whether gcc accepts -g
configure:4434: gcc -c -g  conftest.c >&5
configure:4434: $? = 0
configure:4475: result: yes
configure:4492: checking for gcc option to accept ISO C89
configure:4556: gcc  -c -g -O2  conftest.c >&5
configure:4556: $? = 0
configure:4569: result: none needed
configure:4591: checking dependency style of gcc
configure:4701: result: gcc3
configure:4716: checking for a sed that does not truncate output
configure:4780: result: /bin/sed
configure:4798: checking for grep that handles long lines and -e
configure:4856: result: /bin/grep
configure:4861: checking for egrep
configure:4923: result: /bin/grep -E
configure:4928: checking for fgrep
configure:4990: result: /bin/grep -F
configure:5025: checking for ld used by gcc
configure:5092: result: /usr/bin/ld
configure:5099: checking if the linker (/usr/bin/ld) is GNU ld
configure:5114: result: yes
configure:5126: checking for BSD- or MS-compatible name lister (nm)
configure:5175: result: /usr/bin/nm -B
configure:5293: checking the name lister (/usr/bin/nm -B) interface
configure:5300: gcc -c -g -O2  conftest.c >&5
configure:5303: /usr/bin/nm -B "conftest.o"
configure:5306: output
0000000000000000 B some_variable
configure:5313: result: BSD nm
configure:5316: checking whether ln -s works
configure:5320: result: yes
configure:5328: checking the maximum length of command line arguments
configure:5448: result: 3458764513820540925
configure:5465: checking whether the shell understands some XSI constructs
configure:5475: result: yes
configure:5479: checking whether the shell understands "+="
configure:5485: result: yes
configure:5520: checking for /usr/bin/ld option to reload object files
configure:5527: result: -r
configure:5596: checking for objdump
configure:5623: result: objdump
configure:5652: checking how to recognize dependent libraries
configure:5848: result: pass_all
configure:5908: checking for ar
configure:5924: found /usr/bin/ar
configure:5935: result: ar
configure:6013: checking for strip
configure:6029: found /usr/bin/strip
configure:6040: result: strip
configure:6112: checking for ranlib
configure:6128: found /usr/bin/ranlib
configure:6139: result: ranlib
configure:6229: checking command to parse /usr/bin/nm -B output from gcc object
configure:6347: gcc -c -g -O2  conftest.c >&5
configure:6350: $? = 0
configure:6354: /usr/bin/nm -B conftest.o \| sed -n -e 's/^.*[	 ]\([ABCDGIRSTW][ABCDGIRSTW]*\)[	 ][	 ]*\([_A-Za-z][_A-Za-z0-9]*\)$/\1 \2 \2/p' \> conftest.nm
configure:6357: $? = 0
configure:6411: gcc -o conftest -g -O2   conftest.c conftstm.o >&5
configure:6414: $? = 0
configure:6452: result: ok
configure:6548: gcc -c -g -O2  conftest.c >&5
configure:6551: $? = 0
configure:7261: checking how to run the C preprocessor
configure:7292: gcc -E  conftest.c
configure:7292: $? = 0
configure:7306: gcc -E  conftest.c
conftest.c:11:28: error: ac_nonexistent.h: No such file or directory
configure:7306: $? = 1
configure: failed program was:
| /* confdefs.h */
| #define PACKAGE_NAME "poppler"
| #define PACKAGE_TARNAME "poppler"
| #define PACKAGE_VERSION "0.12.4"
| #define PACKAGE_STRING "poppler 0.12.4"
| #define PACKAGE_BUGREPORT "https://bugs.freedesktop.org/enter_bug.cgi?product=poppler"
| #define PACKAGE_URL ""
| #define PACKAGE "poppler"
| #define VERSION "0.12.4"
| /* end confdefs.h.  */
| #include <ac_nonexistent.h>
configure:7331: result: gcc -E
configure:7351: gcc -E  conftest.c
configure:7351: $? = 0
configure:7365: gcc -E  conftest.c
conftest.c:11:28: error: ac_nonexistent.h: No such file or directory
configure:7365: $? = 1
configure: failed program was:
| /* confdefs.h */
| #define PACKAGE_NAME "poppler"
| #define PACKAGE_TARNAME "poppler"
| #define PACKAGE_VERSION "0.12.4"
| #define PACKAGE_STRING "poppler 0.12.4"
| #define PACKAGE_BUGREPORT "https://bugs.freedesktop.org/enter_bug.cgi?product=poppler"
| #define PACKAGE_URL ""
| #define PACKAGE "poppler"
| #define VERSION "0.12.4"
| /* end confdefs.h.  */
| #include <ac_nonexistent.h>
configure:7394: checking for ANSI C header files
configure:7414: gcc -c -g -O2  conftest.c >&5
configure:7414: $? = 0
configure:7487: gcc -o conftest -g -O2   conftest.c  >&5
configure:7487: $? = 0
configure:7487: ./conftest
configure:7487: $? = 0
configure:7498: result: yes
configure:7511: checking for sys/types.h
configure:7511: gcc -c -g -O2  conftest.c >&5
configure:7511: $? = 0
configure:7511: result: yes
configure:7511: checking for sys/stat.h
configure:7511: gcc -c -g -O2  conftest.c >&5
configure:7511: $? = 0
configure:7511: result: yes
configure:7511: checking for stdlib.h
configure:7511: gcc -c -g -O2  conftest.c >&5
configure:7511: $? = 0
configure:7511: result: yes
configure:7511: checking for string.h
configure:7511: gcc -c -g -O2  conftest.c >&5
configure:7511: $? = 0
configure:7511: result: yes
configure:7511: checking for memory.h
configure:7511: gcc -c -g -O2  conftest.c >&5
configure:7511: $? = 0
configure:7511: result: yes
configure:7511: checking for strings.h
configure:7511: gcc -c -g -O2  conftest.c >&5
configure:7511: $? = 0
configure:7511: result: yes
configure:7511: checking for inttypes.h
configure:7511: gcc -c -g -O2  conftest.c >&5
configure:7511: $? = 0
configure:7511: result: yes
configure:7511: checking for stdint.h
configure:7511: gcc -c -g -O2  conftest.c >&5
configure:7511: $? = 0
configure:7511: result: yes
configure:7511: checking for unistd.h
configure:7511: gcc -c -g -O2  conftest.c >&5
configure:7511: $? = 0
configure:7511: result: yes
configure:7525: checking for dlfcn.h
configure:7525: gcc -c -g -O2  conftest.c >&5
configure:7525: $? = 0
configure:7525: result: yes
configure:7707: checking for objdir
configure:7722: result: .libs
configure:8018: checking if gcc supports -fno-rtti -fno-exceptions
configure:8036: gcc -c -g -O2  -fno-rtti -fno-exceptions conftest.c >&5
cc1: warning: command line option "-fno-rtti" is valid for C++/ObjC++ but not for C
configure:8040: $? = 0
configure:8053: result: no
configure:8073: checking for gcc option to produce PIC
configure:8345: result: -fPIC -DPIC
configure:8357: checking if gcc PIC flag -fPIC -DPIC works
configure:8375: gcc -c -g -O2  -fPIC -DPIC -DPIC conftest.c >&5
configure:8379: $? = 0
configure:8392: result: yes
configure:8416: checking if gcc static flag -static works
configure:8444: result: yes
configure:8459: checking if gcc supports -c -o file.o
configure:8480: gcc -c -g -O2  -o out/conftest2.o conftest.c >&5
configure:8484: $? = 0
configure:8506: result: yes
configure:8514: checking if gcc supports -c -o file.o
configure:8561: result: yes
configure:8594: checking whether the gcc linker (/usr/bin/ld -m elf_x86_64) supports shared libraries
configure:9584: result: yes
configure:9621: checking whether -lc should be explicitly linked in
configure:9626: gcc -c -g -O2  conftest.c >&5
configure:9629: $? = 0
configure:9644: gcc -shared conftest.o  -v -Wl,-soname -Wl,conftest -o conftest 2\>\&1 \| /bin/grep  -lc  \>/dev/null 2\>\&1
configure:9647: $? = 0
configure:9659: result: no
configure:9823: checking dynamic linker characteristics
configure:10256: gcc -o conftest -g -O2   -Wl,-rpath -Wl,/foo conftest.c  >&5
configure:10256: $? = 0
configure:10486: result: GNU/Linux ld.so
configure:10588: checking how to hardcode library paths into programs
configure:10613: result: immediate
configure:11133: checking whether stripping libraries is possible
configure:11138: result: yes
configure:11173: checking if libtool supports shared libraries
configure:11175: result: yes
configure:11178: checking whether to build shared libraries
configure:11199: result: yes
configure:11202: checking whether to build static libraries
configure:11206: result: yes
configure:11290: checking for gcc
configure:11317: result: gcc
configure:11546: checking for C compiler version
configure:11555: gcc --version >&5
gcc (Debian 4.4.5-8) 4.4.5
Copyright (C) 2010 Free Software Foundation, Inc.
This is free software; see the source for copying conditions.  There is NO
warranty; not even for MERCHANTABILITY or FITNESS FOR A PARTICULAR PURPOSE.

configure:11566: $? = 0
configure:11555: gcc -v >&5
Using built-in specs.
Target: x86_64-linux-gnu
Configured with: ../src/configure -v --with-pkgversion='Debian 4.4.5-8' --with-bugurl=file:///usr/share/doc/gcc-4.4/README.Bugs --enable-languages=c,c++,fortran,objc,obj-c++ --prefix=/usr --program-suffix=-4.4 --enable-shared --enable-multiarch --enable-linker-build-id --with-system-zlib --libexecdir=/usr/lib --without-included-gettext --enable-threads=posix --with-gxx-include-dir=/usr/include/c++/4.4 --libdir=/usr/lib --enable-nls --enable-clocale=gnu --enable-libstdcxx-debug --enable-objc-gc --with-arch-32=i586 --with-tune=generic --enable-checking=release --build=x86_64-linux-gnu --host=x86_64-linux-gnu --target=x86_64-linux-gnu
Thread model: posix
gcc version 4.4.5 (Debian 4.4.5-8) 
configure:11566: $? = 0
configure:11555: gcc -V >&5
gcc: '-V' option must have argument
configure:11566: $? = 1
configure:11555: gcc -qversion >&5
gcc: unrecognized option '-qversion'
gcc: no input files
configure:11566: $? = 1
configure:11570: checking whether we are using the GNU C compiler
configure:11598: result: yes
configure:11607: checking whether gcc accepts -g
configure:11668: result: yes
configure:11685: checking for gcc option to accept ISO C89
configure:11762: result: none needed
configure:11784: checking dependency style of gcc
configure:11894: result: gcc3
configure:11967: checking for g++
configure:11983: found /usr/bin/g++
configure:11994: result: g++
configure:12021: checking for C++ compiler version
configure:12030: g++ --version >&5
g++ (Debian 4.4.5-8) 4.4.5
Copyright (C) 2010 Free Software Foundation, Inc.
This is free software; see the source for copying conditions.  There is NO
warranty; not even for MERCHANTABILITY or FITNESS FOR A PARTICULAR PURPOSE.

configure:12041: $? = 0
configure:12030: g++ -v >&5
Using built-in specs.
Target: x86_64-linux-gnu
Configured with: ../src/configure -v --with-pkgversion='Debian 4.4.5-8' --with-bugurl=file:///usr/share/doc/gcc-4.4/README.Bugs --enable-languages=c,c++,fortran,objc,obj-c++ --prefix=/usr --program-suffix=-4.4 --enable-shared --enable-multiarch --enable-linker-build-id --with-system-zlib --libexecdir=/usr/lib --without-included-gettext --enable-threads=posix --with-gxx-include-dir=/usr/include/c++/4.4 --libdir=/usr/lib --enable-nls --enable-clocale=gnu --enable-libstdcxx-debug --enable-objc-gc --with-arch-32=i586 --with-tune=generic --enable-checking=release --build=x86_64-linux-gnu --host=x86_64-linux-gnu --target=x86_64-linux-gnu
Thread model: posix
gcc version 4.4.5 (Debian 4.4.5-8) 
configure:12041: $? = 0
configure:12030: g++ -V >&5
g++: '-V' option must have argument
configure:12041: $? = 1
configure:12030: g++ -qversion >&5
g++: unrecognized option '-qversion'
g++: no input files
configure:12041: $? = 1
configure:12045: checking whether we are using the GNU C++ compiler
configure:12064: g++ -c   conftest.cpp >&5
configure:12064: $? = 0
configure:12073: result: yes
configure:12082: checking whether g++ accepts -g
configure:12102: g++ -c -g  conftest.cpp >&5
configure:12102: $? = 0
configure:12143: result: yes
configure:12168: checking dependency style of g++
configure:12278: result: gcc3
configure:12406: checking for C++ compiler version
configure:12415: g++ --version >&5
g++ (Debian 4.4.5-8) 4.4.5
Copyright (C) 2010 Free Software Foundation, Inc.
This is free software; see the source for copying conditions.  There is NO
warranty; not even for MERCHANTABILITY or FITNESS FOR A PARTICULAR PURPOSE.

configure:12426: $? = 0
configure:12415: g++ -v >&5
Using built-in specs.
Target: x86_64-linux-gnu
Configured with: ../src/configure -v --with-pkgversion='Debian 4.4.5-8' --with-bugurl=file:///usr/share/doc/gcc-4.4/README.Bugs --enable-languages=c,c++,fortran,objc,obj-c++ --prefix=/usr --program-suffix=-4.4 --enable-shared --enable-multiarch --enable-linker-build-id --with-system-zlib --libexecdir=/usr/lib --without-included-gettext --enable-threads=posix --with-gxx-include-dir=/usr/include/c++/4.4 --libdir=/usr/lib --enable-nls --enable-clocale=gnu --enable-libstdcxx-debug --enable-objc-gc --with-arch-32=i586 --with-tune=generic --enable-checking=release --build=x86_64-linux-gnu --host=x86_64-linux-gnu --target=x86_64-linux-gnu
Thread model: posix
gcc version 4.4.5 (Debian 4.4.5-8) 
configure:12426: $? = 0
configure:12415: g++ -V >&5
g++: '-V' option must have argument
configure:12426: $? = 1
configure:12415: g++ -qversion >&5
g++: unrecognized option '-qversion'
g++: no input files
configure:12426: $? = 1
configure:12430: checking whether we are using the GNU C++ compiler
configure:12458: result: yes
configure:12467: checking whether g++ accepts -g
configure:12528: result: yes
configure:12553: checking dependency style of g++
configure:12663: result: gcc3
configure:12686: checking how to run the C++ preprocessor
configure:12713: g++ -E  conftest.cpp
configure:12713: $? = 0
configure:12727: g++ -E  conftest.cpp
conftest.cpp:23:28: error: ac_nonexistent.h: No such file or directory
configure:12727: $? = 1
configure: failed program was:
| /* confdefs.h */
| #define PACKAGE_NAME "poppler"
| #define PACKAGE_TARNAME "poppler"
| #define PACKAGE_VERSION "0.12.4"
| #define PACKAGE_STRING "poppler 0.12.4"
| #define PACKAGE_BUGREPORT "https://bugs.freedesktop.org/enter_bug.cgi?product=poppler"
| #define PACKAGE_URL ""
| #define PACKAGE "poppler"
| #define VERSION "0.12.4"
| #define STDC_HEADERS 1
| #define HAVE_SYS_TYPES_H 1
| #define HAVE_SYS_STAT_H 1
| #define HAVE_STDLIB_H 1
| #define HAVE_STRING_H 1
| #define HAVE_MEMORY_H 1
| #define HAVE_STRINGS_H 1
| #define HAVE_INTTYPES_H 1
| #define HAVE_STDINT_H 1
| #define HAVE_UNISTD_H 1
| #define HAVE_DLFCN_H 1
| #define LT_OBJDIR ".libs/"
| /* end confdefs.h.  */
| #include <ac_nonexistent.h>
configure:12752: result: g++ -E
configure:12772: g++ -E  conftest.cpp
configure:12772: $? = 0
configure:12786: g++ -E  conftest.cpp
conftest.cpp:23:28: error: ac_nonexistent.h: No such file or directory
configure:12786: $? = 1
configure: failed program was:
| /* confdefs.h */
| #define PACKAGE_NAME "poppler"
| #define PACKAGE_TARNAME "poppler"
| #define PACKAGE_VERSION "0.12.4"
| #define PACKAGE_STRING "poppler 0.12.4"
| #define PACKAGE_BUGREPORT "https://bugs.freedesktop.org/enter_bug.cgi?product=poppler"
| #define PACKAGE_URL ""
| #define PACKAGE "poppler"
| #define VERSION "0.12.4"
| #define STDC_HEADERS 1
| #define HAVE_SYS_TYPES_H 1
| #define HAVE_SYS_STAT_H 1
| #define HAVE_STDLIB_H 1
| #define HAVE_STRING_H 1
| #define HAVE_MEMORY_H 1
| #define HAVE_STRINGS_H 1
| #define HAVE_INTTYPES_H 1
| #define HAVE_STDINT_H 1
| #define HAVE_UNISTD_H 1
| #define HAVE_DLFCN_H 1
| #define LT_OBJDIR ".libs/"
| /* end confdefs.h.  */
| #include <ac_nonexistent.h>
configure:12954: checking for ld used by g++
configure:13021: result: /usr/bin/ld -m elf_x86_64
configure:13028: checking if the linker (/usr/bin/ld -m elf_x86_64) is GNU ld
configure:13043: result: yes
configure:13098: checking whether the g++ linker (/usr/bin/ld -m elf_x86_64) supports shared libraries
configure:14011: result: yes
configure:14039: g++ -c -g -O2  conftest.cpp >&5
configure:14042: $? = 0
configure:14224: checking for g++ option to produce PIC
configure:14541: result: -fPIC -DPIC
configure:14550: checking if g++ PIC flag -fPIC -DPIC works
configure:14568: g++ -c -g -O2  -fPIC -DPIC -DPIC conftest.cpp >&5
configure:14572: $? = 0
configure:14585: result: yes
configure:14606: checking if g++ static flag -static works
configure:14634: result: yes
configure:14646: checking if g++ supports -c -o file.o
configure:14667: g++ -c -g -O2  -o out/conftest2.o conftest.cpp >&5
configure:14671: $? = 0
configure:14693: result: yes
configure:14698: checking if g++ supports -c -o file.o
configure:14745: result: yes
configure:14775: checking whether the g++ linker (/usr/bin/ld -m elf_x86_64) supports shared libraries
configure:14804: result: yes
configure:14941: checking dynamic linker characteristics
configure:15322: g++ -o conftest -g -O2   -Wl,-rpath -Wl,/foo conftest.cpp  >&5
configure:15322: $? = 0
configure:15552: result: GNU/Linux ld.so
configure:15603: checking how to hardcode library paths into programs
configure:15628: result: immediate
configure:15667: checking for library containing strerror
configure:15698: gcc -o conftest -g -O2   conftest.c  >&5
configure:15698: $? = 0
configure:15715: result: none required
configure:15727: checking for gcc option to accept ISO C99
configure:15876: gcc  -c -g -O2  conftest.c >&5
conftest.c:73: error: expected ';', ',' or ')' before 'text'
conftest.c: In function 'main':
conftest.c:127: error: expected '=', ',', ';', 'asm' or '__attribute__' before 'newvar'
conftest.c:127: error: 'newvar' undeclared (first use in this function)
conftest.c:127: error: (Each undeclared identifier is reported only once
conftest.c:127: error: for each function it appears in.)
conftest.c:137: error: 'for' loop initial declarations are only allowed in C99 mode
conftest.c:137: note: use option -std=c99 or -std=gnu99 to compile your code
configure:15876: $? = 1
configure: failed program was:
| /* confdefs.h */
| #define PACKAGE_NAME "poppler"
| #define PACKAGE_TARNAME "poppler"
| #define PACKAGE_VERSION "0.12.4"
| #define PACKAGE_STRING "poppler 0.12.4"
| #define PACKAGE_BUGREPORT "https://bugs.freedesktop.org/enter_bug.cgi?product=poppler"
| #define PACKAGE_URL ""
| #define PACKAGE "poppler"
| #define VERSION "0.12.4"
| #define STDC_HEADERS 1
| #define HAVE_SYS_TYPES_H 1
| #define HAVE_SYS_STAT_H 1
| #define HAVE_STDLIB_H 1
| #define HAVE_STRING_H 1
| #define HAVE_MEMORY_H 1
| #define HAVE_STRINGS_H 1
| #define HAVE_INTTYPES_H 1
| #define HAVE_STDINT_H 1
| #define HAVE_UNISTD_H 1
| #define HAVE_DLFCN_H 1
| #define LT_OBJDIR ".libs/"
| /* end confdefs.h.  */
| #include <stdarg.h>
| #include <stdbool.h>
| #include <stdlib.h>
| #include <wchar.h>
| #include <stdio.h>
| 
| // Check varargs macros.  These examples are taken from C99 6.10.3.5.
| #define debug(...) fprintf (stderr, __VA_ARGS__)
| #define showlist(...) puts (#__VA_ARGS__)
| #define report(test,...) ((test) ? puts (#test) : printf (__VA_ARGS__))
| static void
| test_varargs_macros (void)
| {
|   int x = 1234;
|   int y = 5678;
|   debug ("Flag");
|   debug ("X = %d\n", x);
|   showlist (The first, second, and third items.);
|   report (x>y, "x is %d but y is %d", x, y);
| }
| 
| // Check long long types.
| #define BIG64 18446744073709551615ull
| #define BIG32 4294967295ul
| #define BIG_OK (BIG64 / BIG32 == 4294967297ull && BIG64 % BIG32 == 0)
| #if !BIG_OK
|   your preprocessor is broken;
| #endif
| #if BIG_OK
| #else
|   your preprocessor is broken;
| #endif
| static long long int bignum = -9223372036854775807LL;
| static unsigned long long int ubignum = BIG64;
| 
| struct incomplete_array
| {
|   int datasize;
|   double data[];
| };
| 
| struct named_init {
|   int number;
|   const wchar_t *name;
|   double average;
| };
| 
| typedef const char *ccp;
| 
| static inline int
| test_restrict (ccp restrict text)
| {
|   // See if C++-style comments work.
|   // Iterate through items via the restricted pointer.
|   // Also check for declarations in for loops.
|   for (unsigned int i = 0; *(text+i) != '\0'; ++i)
|     continue;
|   return 0;
| }
| 
| // Check varargs and va_copy.
| static void
| test_varargs (const char *format, ...)
| {
|   va_list args;
|   va_start (args, format);
|   va_list args_copy;
|   va_copy (args_copy, args);
| 
|   const char *str;
|   int number;
|   float fnumber;
| 
|   while (*format)
|     {
|       switch (*format++)
| 	{
| 	case 's': // string
| 	  str = va_arg (args_copy, const char *);
| 	  break;
| 	case 'd': // int
| 	  number = va_arg (args_copy, int);
| 	  break;
| 	case 'f': // float
| 	  fnumber = va_arg (args_copy, double);
| 	  break;
| 	default:
| 	  break;
| 	}
|     }
|   va_end (args_copy);
|   va_end (args);
| }
| 
| int
| main ()
| {
| 
|   // Check bool.
|   _Bool success = false;
| 
|   // Check restrict.
|   if (test_restrict ("String literal") == 0)
|     success = true;
|   char *restrict newvar = "Another string";
| 
|   // Check varargs.
|   test_varargs ("s, d' f .", "string", 65, 34.234);
|   test_varargs_macros ();
| 
|   // Check flexible array members.
|   struct incomplete_array *ia =
|     malloc (sizeof (struct incomplete_array) + (sizeof (double) * 10));
|   ia->datasize = 10;
|   for (int i = 0; i < ia->datasize; ++i)
|     ia->data[i] = i * 1.234;
| 
|   // Check named initializers.
|   struct named_init ni = {
|     .number = 34,
|     .name = L"Test wide string",
|     .average = 543.34343,
|   };
| 
|   ni.number = 58;
| 
|   int dynamic_array[ni.number];
|   dynamic_array[ni.number - 1] = 543;
| 
|   // work around unused variable warnings
|   return (!success || bignum == 0LL || ubignum == 0uLL || newvar[0] == 'x'
| 	  || dynamic_array[ni.number - 1] != 543);
| 
|   ;
|   return 0;
| }
configure:15876: gcc -std=gnu99 -c -g -O2  conftest.c >&5
configure:15876: $? = 0
configure:15896: result: -std=gnu99
configure:15998: checking for gcc -std=gnu99 option to accept ISO Standard C
configure:16012: result: -std=gnu99
configure:16131: checking for C++ compiler version
configure:16140: g++ --version >&5
g++ (Debian 4.4.5-8) 4.4.5
Copyright (C) 2010 Free Software Foundation, Inc.
This is free software; see the source for copying conditions.  There is NO
warranty; not even for MERCHANTABILITY or FITNESS FOR A PARTICULAR PURPOSE.

configure:16151: $? = 0
configure:16140: g++ -v >&5
Using built-in specs.
Target: x86_64-linux-gnu
Configured with: ../src/configure -v --with-pkgversion='Debian 4.4.5-8' --with-bugurl=file:///usr/share/doc/gcc-4.4/README.Bugs --enable-languages=c,c++,fortran,objc,obj-c++ --prefix=/usr --program-suffix=-4.4 --enable-shared --enable-multiarch --enable-linker-build-id --with-system-zlib --libexecdir=/usr/lib --without-included-gettext --enable-threads=posix --with-gxx-include-dir=/usr/include/c++/4.4 --libdir=/usr/lib --enable-nls --enable-clocale=gnu --enable-libstdcxx-debug --enable-objc-gc --with-arch-32=i586 --with-tune=generic --enable-checking=release --build=x86_64-linux-gnu --host=x86_64-linux-gnu --target=x86_64-linux-gnu
Thread model: posix
gcc version 4.4.5 (Debian 4.4.5-8) 
configure:16151: $? = 0
configure:16140: g++ -V >&5
g++: '-V' option must have argument
configure:16151: $? = 1
configure:16140: g++ -qversion >&5
g++: unrecognized option '-qversion'
g++: no input files
configure:16151: $? = 1
configure:16155: checking whether we are using the GNU C++ compiler
configure:16183: result: yes
configure:16192: checking whether g++ accepts -g
configure:16253: result: yes
configure:16278: checking dependency style of g++
configure:16388: result: gcc3
configure:16404: checking for gettimeofday
configure:16404: gcc -std=gnu99 -o conftest -g -O2   conftest.c  >&5
configure:16404: $? = 0
configure:16404: result: yes
configure:16411: checking for localtime_r
configure:16411: gcc -std=gnu99 -o conftest -g -O2   conftest.c  >&5
configure:16411: $? = 0
configure:16411: result: yes
configure:16418: checking for gmtime_r
configure:16418: gcc -std=gnu99 -o conftest -g -O2   conftest.c  >&5
configure:16418: $? = 0
configure:16418: result: yes
configure:16479: checking for pkg-config
configure:16497: found /usr/bin/pkg-config
configure:16509: result: /usr/bin/pkg-config
configure:16534: checking pkg-config is at least version 0.9.0
configure:16537: result: yes
configure:16739: checking for the pthreads library -lpthreads
configure:16772: gcc -std=gnu99 -o conftest -g -O2    conftest.c -lpthreads  >&5
/usr/bin/ld: cannot find -lpthreads
collect2: ld returned 1 exit status
configure:16772: $? = 1
configure: failed program was:
| /* confdefs.h */
| #define PACKAGE_NAME "poppler"
| #define PACKAGE_TARNAME "poppler"
| #define PACKAGE_VERSION "0.12.4"
| #define PACKAGE_STRING "poppler 0.12.4"
| #define PACKAGE_BUGREPORT "https://bugs.freedesktop.org/enter_bug.cgi?product=poppler"
| #define PACKAGE_URL ""
| #define PACKAGE "poppler"
| #define VERSION "0.12.4"
| #define STDC_HEADERS 1
| #define HAVE_SYS_TYPES_H 1
| #define HAVE_SYS_STAT_H 1
| #define HAVE_STDLIB_H 1
| #define HAVE_STRING_H 1
| #define HAVE_MEMORY_H 1
| #define HAVE_STRINGS_H 1
| #define HAVE_INTTYPES_H 1
| #define HAVE_STDINT_H 1
| #define HAVE_UNISTD_H 1
| #define HAVE_DLFCN_H 1
| #define LT_OBJDIR ".libs/"
| #define HAVE_GETTIMEOFDAY 1
| #define HAVE_LOCALTIME_R 1
| #define HAVE_GMTIME_R 1
| #define OPI_SUPPORT 1
| #define MULTITHREADED 1
| #define TEXTOUT_WORD_LIST 1
| /* end confdefs.h.  */
| #include <pthread.h>
| int
| main ()
| {
| pthread_t th; pthread_join(th, 0);
|                      pthread_attr_init(0); pthread_cleanup_push(0, 0);
|                      pthread_create(0,0,0,0); pthread_cleanup_pop(0);
|   ;
|   return 0;
| }
configure:16781: result: no
configure:16684: checking whether pthreads work without any flags
configure:16772: gcc -std=gnu99 -o conftest -g -O2    conftest.c   >&5
/tmp/ccwnBSTw.o: In function `main':
/home/wilson/etc/xournalpp_popplerandmathtex/src/pdf/popplerdirect/poppler-0.12.4/conftest.c:33: undefined reference to `pthread_join'
/home/wilson/etc/xournalpp_popplerandmathtex/src/pdf/popplerdirect/poppler-0.12.4/conftest.c:34: undefined reference to `__pthread_register_cancel'
/home/wilson/etc/xournalpp_popplerandmathtex/src/pdf/popplerdirect/poppler-0.12.4/conftest.c:35: undefined reference to `pthread_create'
/home/wilson/etc/xournalpp_popplerandmathtex/src/pdf/popplerdirect/poppler-0.12.4/conftest.c:35: undefined reference to `__pthread_unregister_cancel'
collect2: ld returned 1 exit status
configure:16772: $? = 1
configure: failed program was:
| /* confdefs.h */
| #define PACKAGE_NAME "poppler"
| #define PACKAGE_TARNAME "poppler"
| #define PACKAGE_VERSION "0.12.4"
| #define PACKAGE_STRING "poppler 0.12.4"
| #define PACKAGE_BUGREPORT "https://bugs.freedesktop.org/enter_bug.cgi?product=poppler"
| #define PACKAGE_URL ""
| #define PACKAGE "poppler"
| #define VERSION "0.12.4"
| #define STDC_HEADERS 1
| #define HAVE_SYS_TYPES_H 1
| #define HAVE_SYS_STAT_H 1
| #define HAVE_STDLIB_H 1
| #define HAVE_STRING_H 1
| #define HAVE_MEMORY_H 1
| #define HAVE_STRINGS_H 1
| #define HAVE_INTTYPES_H 1
| #define HAVE_STDINT_H 1
| #define HAVE_UNISTD_H 1
| #define HAVE_DLFCN_H 1
| #define LT_OBJDIR ".libs/"
| #define HAVE_GETTIMEOFDAY 1
| #define HAVE_LOCALTIME_R 1
| #define HAVE_GMTIME_R 1
| #define OPI_SUPPORT 1
| #define MULTITHREADED 1
| #define TEXTOUT_WORD_LIST 1
| /* end confdefs.h.  */
| #include <pthread.h>
| int
| main ()
| {
| pthread_t th; pthread_join(th, 0);
|                      pthread_attr_init(0); pthread_cleanup_push(0, 0);
|                      pthread_create(0,0,0,0); pthread_cleanup_pop(0);
|   ;
|   return 0;
| }
configure:16781: result: no
configure:16689: checking whether pthreads work with -Kthread
configure:16772: gcc -std=gnu99 -o conftest -g -O2 -Kthread   conftest.c   >&5
gcc: unrecognized option '-Kthread'
/tmp/cc166WzD.o: In function `main':
/home/wilson/etc/xournalpp_popplerandmathtex/src/pdf/popplerdirect/poppler-0.12.4/conftest.c:33: undefined reference to `pthread_join'
/home/wilson/etc/xournalpp_popplerandmathtex/src/pdf/popplerdirect/poppler-0.12.4/conftest.c:34: undefined reference to `__pthread_register_cancel'
/home/wilson/etc/xournalpp_popplerandmathtex/src/pdf/popplerdirect/poppler-0.12.4/conftest.c:35: undefined reference to `pthread_create'
/home/wilson/etc/xournalpp_popplerandmathtex/src/pdf/popplerdirect/poppler-0.12.4/conftest.c:35: undefined reference to `__pthread_unregister_cancel'
collect2: ld returned 1 exit status
configure:16772: $? = 1
configure: failed program was:
| /* confdefs.h */
| #define PACKAGE_NAME "poppler"
| #define PACKAGE_TARNAME "poppler"
| #define PACKAGE_VERSION "0.12.4"
| #define PACKAGE_STRING "poppler 0.12.4"
| #define PACKAGE_BUGREPORT "https://bugs.freedesktop.org/enter_bug.cgi?product=poppler"
| #define PACKAGE_URL ""
| #define PACKAGE "poppler"
| #define VERSION "0.12.4"
| #define STDC_HEADERS 1
| #define HAVE_SYS_TYPES_H 1
| #define HAVE_SYS_STAT_H 1
| #define HAVE_STDLIB_H 1
| #define HAVE_STRING_H 1
| #define HAVE_MEMORY_H 1
| #define HAVE_STRINGS_H 1
| #define HAVE_INTTYPES_H 1
| #define HAVE_STDINT_H 1
| #define HAVE_UNISTD_H 1
| #define HAVE_DLFCN_H 1
| #define LT_OBJDIR ".libs/"
| #define HAVE_GETTIMEOFDAY 1
| #define HAVE_LOCALTIME_R 1
| #define HAVE_GMTIME_R 1
| #define OPI_SUPPORT 1
| #define MULTITHREADED 1
| #define TEXTOUT_WORD_LIST 1
| /* end confdefs.h.  */
| #include <pthread.h>
| int
| main ()
| {
| pthread_t th; pthread_join(th, 0);
|                      pthread_attr_init(0); pthread_cleanup_push(0, 0);
|                      pthread_create(0,0,0,0); pthread_cleanup_pop(0);
|   ;
|   return 0;
| }
configure:16781: result: no
configure:16689: checking whether pthreads work with -kthread
configure:16772: gcc -std=gnu99 -o conftest -g -O2 -kthread   conftest.c   >&5
gcc: unrecognized option '-kthread'
/tmp/ccbet1aM.o: In function `main':
/home/wilson/etc/xournalpp_popplerandmathtex/src/pdf/popplerdirect/poppler-0.12.4/conftest.c:33: undefined reference to `pthread_join'
/home/wilson/etc/xournalpp_popplerandmathtex/src/pdf/popplerdirect/poppler-0.12.4/conftest.c:34: undefined reference to `__pthread_register_cancel'
/home/wilson/etc/xournalpp_popplerandmathtex/src/pdf/popplerdirect/poppler-0.12.4/conftest.c:35: undefined reference to `pthread_create'
/home/wilson/etc/xournalpp_popplerandmathtex/src/pdf/popplerdirect/poppler-0.12.4/conftest.c:35: undefined reference to `__pthread_unregister_cancel'
collect2: ld returned 1 exit status
configure:16772: $? = 1
configure: failed program was:
| /* confdefs.h */
| #define PACKAGE_NAME "poppler"
| #define PACKAGE_TARNAME "poppler"
| #define PACKAGE_VERSION "0.12.4"
| #define PACKAGE_STRING "poppler 0.12.4"
| #define PACKAGE_BUGREPORT "https://bugs.freedesktop.org/enter_bug.cgi?product=poppler"
| #define PACKAGE_URL ""
| #define PACKAGE "poppler"
| #define VERSION "0.12.4"
| #define STDC_HEADERS 1
| #define HAVE_SYS_TYPES_H 1
| #define HAVE_SYS_STAT_H 1
| #define HAVE_STDLIB_H 1
| #define HAVE_STRING_H 1
| #define HAVE_MEMORY_H 1
| #define HAVE_STRINGS_H 1
| #define HAVE_INTTYPES_H 1
| #define HAVE_STDINT_H 1
| #define HAVE_UNISTD_H 1
| #define HAVE_DLFCN_H 1
| #define LT_OBJDIR ".libs/"
| #define HAVE_GETTIMEOFDAY 1
| #define HAVE_LOCALTIME_R 1
| #define HAVE_GMTIME_R 1
| #define OPI_SUPPORT 1
| #define MULTITHREADED 1
| #define TEXTOUT_WORD_LIST 1
| /* end confdefs.h.  */
| #include <pthread.h>
| int
| main ()
| {
| pthread_t th; pthread_join(th, 0);
|                      pthread_attr_init(0); pthread_cleanup_push(0, 0);
|                      pthread_create(0,0,0,0); pthread_cleanup_pop(0);
|   ;
|   return 0;
| }
configure:16781: result: no
configure:16739: checking for the pthreads library -llthread
configure:16772: gcc -std=gnu99 -o conftest -g -O2    conftest.c -llthread  >&5
/usr/bin/ld: cannot find -llthread
collect2: ld returned 1 exit status
configure:16772: $? = 1
configure: failed program was:
| /* confdefs.h */
| #define PACKAGE_NAME "poppler"
| #define PACKAGE_TARNAME "poppler"
| #define PACKAGE_VERSION "0.12.4"
| #define PACKAGE_STRING "poppler 0.12.4"
| #define PACKAGE_BUGREPORT "https://bugs.freedesktop.org/enter_bug.cgi?product=poppler"
| #define PACKAGE_URL ""
| #define PACKAGE "poppler"
| #define VERSION "0.12.4"
| #define STDC_HEADERS 1
| #define HAVE_SYS_TYPES_H 1
| #define HAVE_SYS_STAT_H 1
| #define HAVE_STDLIB_H 1
| #define HAVE_STRING_H 1
| #define HAVE_MEMORY_H 1
| #define HAVE_STRINGS_H 1
| #define HAVE_INTTYPES_H 1
| #define HAVE_STDINT_H 1
| #define HAVE_UNISTD_H 1
| #define HAVE_DLFCN_H 1
| #define LT_OBJDIR ".libs/"
| #define HAVE_GETTIMEOFDAY 1
| #define HAVE_LOCALTIME_R 1
| #define HAVE_GMTIME_R 1
| #define OPI_SUPPORT 1
| #define MULTITHREADED 1
| #define TEXTOUT_WORD_LIST 1
| /* end confdefs.h.  */
| #include <pthread.h>
| int
| main ()
| {
| pthread_t th; pthread_join(th, 0);
|                      pthread_attr_init(0); pthread_cleanup_push(0, 0);
|                      pthread_create(0,0,0,0); pthread_cleanup_pop(0);
|   ;
|   return 0;
| }
configure:16781: result: no
configure:16689: checking whether pthreads work with -pthread
configure:16772: gcc -std=gnu99 -o conftest -g -O2 -pthread   conftest.c   >&5
configure:16772: $? = 0
configure:16781: result: yes
configure:16800: checking for joinable pthread attribute
configure:16815: gcc -std=gnu99 -o conftest -g -O2 -pthread   conftest.c   >&5
configure:16815: $? = 0
configure:16821: result: PTHREAD_CREATE_JOINABLE
configure:16831: checking if more special flags are required for pthreads
configure:16838: result: no
configure:16963: checking for X
configure:17071: gcc -E  conftest.c
configure:17071: $? = 0
configure:17102: gcc -std=gnu99 -o conftest -g -O2   conftest.c -lX11  >&5
configure:17102: $? = 0
configure:17152: result: libraries , headers 
configure:17251: gcc -std=gnu99 -o conftest -g -O2   conftest.c   -lX11 >&5
configure:17251: $? = 0
configure:17349: checking for gethostbyname
configure:17349: gcc -std=gnu99 -o conftest -g -O2   conftest.c  >&5
configure:17349: $? = 0
configure:17349: result: yes
configure:17446: checking for connect
configure:17446: gcc -std=gnu99 -o conftest -g -O2   conftest.c  >&5
configure:17446: $? = 0
configure:17446: result: yes
configure:17495: checking for remove
configure:17495: gcc -std=gnu99 -o conftest -g -O2   conftest.c  >&5
configure:17495: $? = 0
configure:17495: result: yes
configure:17544: checking for shmat
configure:17544: gcc -std=gnu99 -o conftest -g -O2   conftest.c  >&5
configure:17544: $? = 0
configure:17544: result: yes
configure:17602: checking for IceConnectionNumber in -lICE
configure:17627: gcc -std=gnu99 -o conftest -g -O2   conftest.c -lICE   >&5
configure:17627: $? = 0
configure:17636: result: yes
configure:17649: checking for dirent.h that defines DIR
configure:17668: gcc -std=gnu99 -c -g -O2  conftest.c >&5
configure:17668: $? = 0
configure:17676: result: yes
configure:17689: checking for library containing opendir
configure:17720: gcc -std=gnu99 -o conftest -g -O2   conftest.c  >&5
configure:17720: $? = 0
configure:17737: result: none required
configure:17820: checking for gethostbyname
configure:17820: result: yes
configure:17868: checking for nanosleep
configure:17868: g++ -o conftest -g -O2   conftest.cpp  >&5
configure:17868: $? = 0
configure:17868: result: yes
configure:18033: checking for opj_cio_open in -lopenjpeg
configure:18058: g++ -o conftest -g -O2   conftest.cpp -lopenjpeg   >&5
/usr/bin/ld: cannot find -lopenjpeg
collect2: ld returned 1 exit status
configure:18058: $? = 1
configure: failed program was:
| /* confdefs.h */
| #define PACKAGE_NAME "poppler"
| #define PACKAGE_TARNAME "poppler"
| #define PACKAGE_VERSION "0.12.4"
| #define PACKAGE_STRING "poppler 0.12.4"
| #define PACKAGE_BUGREPORT "https://bugs.freedesktop.org/enter_bug.cgi?product=poppler"
| #define PACKAGE_URL ""
| #define PACKAGE "poppler"
| #define VERSION "0.12.4"
| #define STDC_HEADERS 1
| #define HAVE_SYS_TYPES_H 1
| #define HAVE_SYS_STAT_H 1
| #define HAVE_STDLIB_H 1
| #define HAVE_STRING_H 1
| #define HAVE_MEMORY_H 1
| #define HAVE_STRINGS_H 1
| #define HAVE_INTTYPES_H 1
| #define HAVE_STDINT_H 1
| #define HAVE_UNISTD_H 1
| #define HAVE_DLFCN_H 1
| #define LT_OBJDIR ".libs/"
| #define HAVE_GETTIMEOFDAY 1
| #define HAVE_LOCALTIME_R 1
| #define HAVE_GMTIME_R 1
| #define OPI_SUPPORT 1
| #define MULTITHREADED 1
| #define TEXTOUT_WORD_LIST 1
| #define HAVE_PTHREAD 1
| #define POPPLER_DATADIR "/usr/local/share/poppler"
| #define HAVE_DIRENT_H 1
| /* end confdefs.h.  */
| 
| /* Override any GCC internal prototype to avoid an error.
|    Use char because int might match the return type of a GCC
|    builtin and then its argument prototype would still apply.  */
| #ifdef __cplusplus
| extern "C"
| #endif
| char opj_cio_open ();
| int
| main ()
| {
| return opj_cio_open ();
|   ;
|   return 0;
| }
configure:18067: result: no
configure:18077: checking openjpeg.h usability
configure:18077: g++ -c -g -O2  conftest.cpp >&5
conftest.cpp:65:22: error: openjpeg.h: No such file or directory
configure:18077: $? = 1
configure: failed program was:
| /* confdefs.h */
| #define PACKAGE_NAME "poppler"
| #define PACKAGE_TARNAME "poppler"
| #define PACKAGE_VERSION "0.12.4"
| #define PACKAGE_STRING "poppler 0.12.4"
| #define PACKAGE_BUGREPORT "https://bugs.freedesktop.org/enter_bug.cgi?product=poppler"
| #define PACKAGE_URL ""
| #define PACKAGE "poppler"
| #define VERSION "0.12.4"
| #define STDC_HEADERS 1
| #define HAVE_SYS_TYPES_H 1
| #define HAVE_SYS_STAT_H 1
| #define HAVE_STDLIB_H 1
| #define HAVE_STRING_H 1
| #define HAVE_MEMORY_H 1
| #define HAVE_STRINGS_H 1
| #define HAVE_INTTYPES_H 1
| #define HAVE_STDINT_H 1
| #define HAVE_UNISTD_H 1
| #define HAVE_DLFCN_H 1
| #define LT_OBJDIR ".libs/"
| #define HAVE_GETTIMEOFDAY 1
| #define HAVE_LOCALTIME_R 1
| #define HAVE_GMTIME_R 1
| #define OPI_SUPPORT 1
| #define MULTITHREADED 1
| #define TEXTOUT_WORD_LIST 1
| #define HAVE_PTHREAD 1
| #define POPPLER_DATADIR "/usr/local/share/poppler"
| #define HAVE_DIRENT_H 1
| /* end confdefs.h.  */
| #include <stdio.h>
| #ifdef HAVE_SYS_TYPES_H
| # include <sys/types.h>
| #endif
| #ifdef HAVE_SYS_STAT_H
| # include <sys/stat.h>
| #endif
| #ifdef STDC_HEADERS
| # include <stdlib.h>
| # include <stddef.h>
| #else
| # ifdef HAVE_STDLIB_H
| #  include <stdlib.h>
| # endif
| #endif
| #ifdef HAVE_STRING_H
| # if !defined STDC_HEADERS && defined HAVE_MEMORY_H
| #  include <memory.h>
| # endif
| # include <string.h>
| #endif
| #ifdef HAVE_STRINGS_H
| # include <strings.h>
| #endif
| #ifdef HAVE_INTTYPES_H
| # include <inttypes.h>
| #endif
| #ifdef HAVE_STDINT_H
| # include <stdint.h>
| #endif
| #ifdef HAVE_UNISTD_H
| # include <unistd.h>
| #endif
| #include <openjpeg.h>
configure:18077: result: no
configure:18077: checking openjpeg.h presence
configure:18077: g++ -E  conftest.cpp
conftest.cpp:32:22: error: openjpeg.h: No such file or directory
configure:18077: $? = 1
configure: failed program was:
| /* confdefs.h */
| #define PACKAGE_NAME "poppler"
| #define PACKAGE_TARNAME "poppler"
| #define PACKAGE_VERSION "0.12.4"
| #define PACKAGE_STRING "poppler 0.12.4"
| #define PACKAGE_BUGREPORT "https://bugs.freedesktop.org/enter_bug.cgi?product=poppler"
| #define PACKAGE_URL ""
| #define PACKAGE "poppler"
| #define VERSION "0.12.4"
| #define STDC_HEADERS 1
| #define HAVE_SYS_TYPES_H 1
| #define HAVE_SYS_STAT_H 1
| #define HAVE_STDLIB_H 1
| #define HAVE_STRING_H 1
| #define HAVE_MEMORY_H 1
| #define HAVE_STRINGS_H 1
| #define HAVE_INTTYPES_H 1
| #define HAVE_STDINT_H 1
| #define HAVE_UNISTD_H 1
| #define HAVE_DLFCN_H 1
| #define LT_OBJDIR ".libs/"
| #define HAVE_GETTIMEOFDAY 1
| #define HAVE_LOCALTIME_R 1
| #define HAVE_GMTIME_R 1
| #define OPI_SUPPORT 1
| #define MULTITHREADED 1
| #define TEXTOUT_WORD_LIST 1
| #define HAVE_PTHREAD 1
| #define POPPLER_DATADIR "/usr/local/share/poppler"
| #define HAVE_DIRENT_H 1
| /* end confdefs.h.  */
| #include <openjpeg.h>
configure:18077: result: no
configure:18077: checking for openjpeg.h
configure:18077: result: no
configure:18112: checking for popen
configure:18112: g++ -o conftest -g -O2   conftest.cpp  >&5
configure:18112: $? = 0
configure:18112: result: yes
configure:18112: checking for mkstemp
configure:18112: g++ -o conftest -g -O2   conftest.cpp  >&5
configure:18112: $? = 0
configure:18112: result: yes
configure:18112: checking for mkstemps
configure:18112: g++ -o conftest -g -O2   conftest.cpp  >&5
configure:18112: $? = 0
configure:18112: result: yes
configure:18136: checking for special C compiler options needed for large files
configure:18181: result: no
configure:18187: checking for _FILE_OFFSET_BITS value needed for large files
configure:18212: gcc -std=gnu99 -c -g -O2  conftest.c >&5
configure:18212: $? = 0
configure:18244: result: no
configure:18327: checking for _LARGEFILE_SOURCE value needed for large files
configure:18346: gcc -std=gnu99 -o conftest -g -O2   conftest.c  >&5
configure:18346: $? = 0
configure:18374: result: no
configure:18397: checking for fseek64
configure:18397: gcc -std=gnu99 -o conftest -g -O2   conftest.c  >&5
/tmp/cc2UKNOh.o: In function `main':
/home/wilson/etc/xournalpp_popplerandmathtex/src/pdf/popplerdirect/poppler-0.12.4/conftest.c:70: undefined reference to `fseek64'
collect2: ld returned 1 exit status
configure:18397: $? = 1
configure: failed program was:
| /* confdefs.h */
| #define PACKAGE_NAME "poppler"
| #define PACKAGE_TARNAME "poppler"
| #define PACKAGE_VERSION "0.12.4"
| #define PACKAGE_STRING "poppler 0.12.4"
| #define PACKAGE_BUGREPORT "https://bugs.freedesktop.org/enter_bug.cgi?product=poppler"
| #define PACKAGE_URL ""
| #define PACKAGE "poppler"
| #define VERSION "0.12.4"
| #define STDC_HEADERS 1
| #define HAVE_SYS_TYPES_H 1
| #define HAVE_SYS_STAT_H 1
| #define HAVE_STDLIB_H 1
| #define HAVE_STRING_H 1
| #define HAVE_MEMORY_H 1
| #define HAVE_STRINGS_H 1
| #define HAVE_INTTYPES_H 1
| #define HAVE_STDINT_H 1
| #define HAVE_UNISTD_H 1
| #define HAVE_DLFCN_H 1
| #define LT_OBJDIR ".libs/"
| #define HAVE_GETTIMEOFDAY 1
| #define HAVE_LOCALTIME_R 1
| #define HAVE_GMTIME_R 1
| #define OPI_SUPPORT 1
| #define MULTITHREADED 1
| #define TEXTOUT_WORD_LIST 1
| #define HAVE_PTHREAD 1
| #define POPPLER_DATADIR "/usr/local/share/poppler"
| #define HAVE_DIRENT_H 1
| #define HAVE_POPEN 1
| #define HAVE_MKSTEMP 1
| #define HAVE_MKSTEMPS 1
| #define HAVE_FSEEKO 1
| /* end confdefs.h.  */
| /* Define fseek64 to an innocuous variant, in case <limits.h> declares fseek64.
|    For example, HP-UX 11i <limits.h> declares gettimeofday.  */
| #define fseek64 innocuous_fseek64
| 
| /* System header to define __stub macros and hopefully few prototypes,
|     which can conflict with char fseek64 (); below.
|     Prefer <limits.h> to <assert.h> if __STDC__ is defined, since
|     <limits.h> exists even on freestanding compilers.  */
| 
| #ifdef __STDC__
| # include <limits.h>
| #else
| # include <assert.h>
| #endif
| 
| #undef fseek64
| 
| /* Override any GCC internal prototype to avoid an error.
|    Use char because int might match the return type of a GCC
|    builtin and then its argument prototype would still apply.  */
| #ifdef __cplusplus
| extern "C"
| #endif
| char fseek64 ();
| /* The GNU C library defines this for functions which it implements
|     to always fail with ENOSYS.  Some functions are actually named
|     something starting with __ and the normal name is an alias.  */
| #if defined __stub_fseek64 || defined __stub___fseek64
| choke me
| #endif
| 
| int
| main ()
| {
| return fseek64 ();
|   ;
|   return 0;
| }
configure:18397: result: no
configure:18410: checking for ftell64
configure:18410: gcc -std=gnu99 -o conftest -g -O2   conftest.c  >&5
/tmp/cc9swjOp.o: In function `main':
/home/wilson/etc/xournalpp_popplerandmathtex/src/pdf/popplerdirect/poppler-0.12.4/conftest.c:70: undefined reference to `ftell64'
collect2: ld returned 1 exit status
configure:18410: $? = 1
configure: failed program was:
| /* confdefs.h */
| #define PACKAGE_NAME "poppler"
| #define PACKAGE_TARNAME "poppler"
| #define PACKAGE_VERSION "0.12.4"
| #define PACKAGE_STRING "poppler 0.12.4"
| #define PACKAGE_BUGREPORT "https://bugs.freedesktop.org/enter_bug.cgi?product=poppler"
| #define PACKAGE_URL ""
| #define PACKAGE "poppler"
| #define VERSION "0.12.4"
| #define STDC_HEADERS 1
| #define HAVE_SYS_TYPES_H 1
| #define HAVE_SYS_STAT_H 1
| #define HAVE_STDLIB_H 1
| #define HAVE_STRING_H 1
| #define HAVE_MEMORY_H 1
| #define HAVE_STRINGS_H 1
| #define HAVE_INTTYPES_H 1
| #define HAVE_STDINT_H 1
| #define HAVE_UNISTD_H 1
| #define HAVE_DLFCN_H 1
| #define LT_OBJDIR ".libs/"
| #define HAVE_GETTIMEOFDAY 1
| #define HAVE_LOCALTIME_R 1
| #define HAVE_GMTIME_R 1
| #define OPI_SUPPORT 1
| #define MULTITHREADED 1
| #define TEXTOUT_WORD_LIST 1
| #define HAVE_PTHREAD 1
| #define POPPLER_DATADIR "/usr/local/share/poppler"
| #define HAVE_DIRENT_H 1
| #define HAVE_POPEN 1
| #define HAVE_MKSTEMP 1
| #define HAVE_MKSTEMPS 1
| #define HAVE_FSEEKO 1
| /* end confdefs.h.  */
| /* Define ftell64 to an innocuous variant, in case <limits.h> declares ftell64.
|    For example, HP-UX 11i <limits.h> declares gettimeofday.  */
| #define ftell64 innocuous_ftell64
| 
| /* System header to define __stub macros and hopefully few prototypes,
|     which can conflict with char ftell64 (); below.
|     Prefer <limits.h> to <assert.h> if __STDC__ is defined, since
|     <limits.h> exists even on freestanding compilers.  */
| 
| #ifdef __STDC__
| # include <limits.h>
| #else
| # include <assert.h>
| #endif
| 
| #undef ftell64
| 
| /* Override any GCC internal prototype to avoid an error.
|    Use char because int might match the return type of a GCC
|    builtin and then its argument prototype would still apply.  */
| #ifdef __cplusplus
| extern "C"
| #endif
| char ftell64 ();
| /* The GNU C library defines this for functions which it implements
|     to always fail with ENOSYS.  Some functions are actually named
|     something starting with __ and the normal name is an alias.  */
| #if defined __stub_ftell64 || defined __stub___ftell64
| choke me
| #endif
| 
| int
| main ()
| {
| return ftell64 ();
|   ;
|   return 0;
| }
configure:18410: result: no
configure:18582: checking for libjpeg6b
configure:18611: gcc -std=gnu99 -o conftest -g -O2     conftest.c   -ljpeg6b -lm >&5
/usr/bin/ld: cannot find -ljpeg6b
collect2: ld returned 1 exit status
configure:18611: $? = 1
configure: failed program was:
| /* confdefs.h */
| #define PACKAGE_NAME "poppler"
| #define PACKAGE_TARNAME "poppler"
| #define PACKAGE_VERSION "0.12.4"
| #define PACKAGE_STRING "poppler 0.12.4"
| #define PACKAGE_BUGREPORT "https://bugs.freedesktop.org/enter_bug.cgi?product=poppler"
| #define PACKAGE_URL ""
| #define PACKAGE "poppler"
| #define VERSION "0.12.4"
| #define STDC_HEADERS 1
| #define HAVE_SYS_TYPES_H 1
| #define HAVE_SYS_STAT_H 1
| #define HAVE_STDLIB_H 1
| #define HAVE_STRING_H 1
| #define HAVE_MEMORY_H 1
| #define HAVE_STRINGS_H 1
| #define HAVE_INTTYPES_H 1
| #define HAVE_STDINT_H 1
| #define HAVE_UNISTD_H 1
| #define HAVE_DLFCN_H 1
| #define LT_OBJDIR ".libs/"
| #define HAVE_GETTIMEOFDAY 1
| #define HAVE_LOCALTIME_R 1
| #define HAVE_GMTIME_R 1
| #define OPI_SUPPORT 1
| #define MULTITHREADED 1
| #define TEXTOUT_WORD_LIST 1
| #define HAVE_PTHREAD 1
| #define POPPLER_DATADIR "/usr/local/share/poppler"
| #define HAVE_DIRENT_H 1
| #define HAVE_POPEN 1
| #define HAVE_MKSTEMP 1
| #define HAVE_MKSTEMPS 1
| #define HAVE_FSEEKO 1
| /* end confdefs.h.  */
| 
| #ifdef __cplusplus
| extern "C" {
| #endif
| void jpeg_CreateDecompress();
| #ifdef __cplusplus
| }
| #endif
| 
| int
| main ()
| {
| jpeg_CreateDecompress();
|   ;
|   return 0;
| }
configure:18630: result: no
configure:18633: checking for libjpeg
configure:18662: gcc -std=gnu99 -o conftest -g -O2     conftest.c   -ljpeg -lm >&5
configure:18662: $? = 0
configure:18678: result: -ljpeg
configure:18693: checking jpeglib.h usability
configure:18693: gcc -std=gnu99 -c -g -O2  conftest.c >&5
configure:18693: $? = 0
configure:18693: result: yes
configure:18693: checking jpeglib.h presence
configure:18693: gcc -E  conftest.c
configure:18693: $? = 0
configure:18693: result: yes
configure:18693: checking for jpeglib.h
configure:18693: result: yes
configure:18759: checking for libpng
configure:18788: gcc -std=gnu99 -o conftest -g -O2     conftest.c   -lpng -lm >&5
configure:18788: $? = 0
configure:18804: result: -lpng
configure: 18874: NONE/include/png.h
configure: 18874: /usr/include/png.h
taking that
configure:18935: checking for FREETYPE
configure:18942: $PKG_CONFIG --exists --print-errors "freetype2"
configure:18945: $? = 0
configure:18958: $PKG_CONFIG --exists --print-errors "freetype2"
configure:18961: $? = 0
configure:18998: result: yes
configure:19069: checking for FONTCONFIG
configure:19076: $PKG_CONFIG --exists --print-errors "fontconfig >= 2.0.0"
configure:19079: $? = 0
configure:19092: $PKG_CONFIG --exists --print-errors "fontconfig >= 2.0.0"
configure:19095: $? = 0
configure:19152: result: yes
configure:19280: checking for CAIRO
configure:19287: $PKG_CONFIG --exists --print-errors "cairo >= $CAIRO_VERSION"
configure:19290: $? = 0
configure:19303: $PKG_CONFIG --exists --print-errors "cairo >= $CAIRO_VERSION"
configure:19306: $? = 0
configure:19343: result: yes
configure:19369: checking fcntl.h usability
configure:19369: gcc -std=gnu99 -c -g -O2  conftest.c >&5
configure:19369: $? = 0
configure:19369: result: yes
configure:19369: checking fcntl.h presence
configure:19369: gcc -E  conftest.c
configure:19369: $? = 0
configure:19369: result: yes
configure:19369: checking for fcntl.h
configure:19369: result: yes
configure:19369: checking sys/mman.h usability
configure:19369: gcc -std=gnu99 -c -g -O2  conftest.c >&5
configure:19369: $? = 0
configure:19369: result: yes
configure:19369: checking sys/mman.h presence
configure:19369: gcc -E  conftest.c
configure:19369: $? = 0
configure:19369: result: yes
configure:19369: checking for sys/mman.h
configure:19369: result: yes
configure:19369: checking for sys/stat.h
configure:19369: result: yes
configure:19389: checking for cairo blend modes support
configure:19405: gcc -std=gnu99 -c -g -O2 -I/usr/include/cairo -I/usr/include/pixman-1 -I/usr/include/freetype2 -I/usr/include/libpng12    conftest.c >&5
conftest.c: In function 'main':
conftest.c:48: error: 'CAIRO_OPERATOR_MULTIPLY' undeclared (first use in this function)
conftest.c:48: error: (Each undeclared identifier is reported only once
conftest.c:48: error: for each function it appears in.)
configure:19405: $? = 1
configure: failed program was:
| /* confdefs.h */
| #define PACKAGE_NAME "poppler"
| #define PACKAGE_TARNAME "poppler"
| #define PACKAGE_VERSION "0.12.4"
| #define PACKAGE_STRING "poppler 0.12.4"
| #define PACKAGE_BUGREPORT "https://bugs.freedesktop.org/enter_bug.cgi?product=poppler"
| #define PACKAGE_URL ""
| #define PACKAGE "poppler"
| #define VERSION "0.12.4"
| #define STDC_HEADERS 1
| #define HAVE_SYS_TYPES_H 1
| #define HAVE_SYS_STAT_H 1
| #define HAVE_STDLIB_H 1
| #define HAVE_STRING_H 1
| #define HAVE_MEMORY_H 1
| #define HAVE_STRINGS_H 1
| #define HAVE_INTTYPES_H 1
| #define HAVE_STDINT_H 1
| #define HAVE_UNISTD_H 1
| #define HAVE_DLFCN_H 1
| #define LT_OBJDIR ".libs/"
| #define HAVE_GETTIMEOFDAY 1
| #define HAVE_LOCALTIME_R 1
| #define HAVE_GMTIME_R 1
| #define OPI_SUPPORT 1
| #define MULTITHREADED 1
| #define TEXTOUT_WORD_LIST 1
| #define HAVE_PTHREAD 1
| #define POPPLER_DATADIR "/usr/local/share/poppler"
| #define HAVE_DIRENT_H 1
| #define HAVE_POPEN 1
| #define HAVE_MKSTEMP 1
| #define HAVE_MKSTEMPS 1
| #define HAVE_FSEEKO 1
| #define ENABLE_LIBJPEG 1
| #define ENABLE_LIBPNG 1
| #define HAVE_FREETYPE_H 1
| #define HAVE_SPLASH 1
| #define HAVE_CAIRO 1
| #define HAVE_FCNTL_H 1
| #define HAVE_SYS_MMAN_H 1
| #define HAVE_SYS_STAT_H 1
| /* end confdefs.h.  */
| 
| #include <cairo.h>
| int main() {
|   cairo_t *cr;
|   cairo_set_operator(cr, CAIRO_OPERATOR_MULTIPLY);
|   return 0;
| }
| 
configure:19412: result: no
configure:19538: checking for POPPLER_GLIB
configure:19545: $PKG_CONFIG --exists --print-errors "glib-2.0 >= $GLIB_REQUIRED gobject-2.0 >= $GLIB_REQUIRED"
configure:19548: $? = 0
configure:19561: $PKG_CONFIG --exists --print-errors "glib-2.0 >= $GLIB_REQUIRED gobject-2.0 >= $GLIB_REQUIRED"
configure:19564: $? = 0
configure:19601: result: yes
configure:19609: checking for glib-mkenums
configure:19627: found /usr/bin/glib-mkenums
configure:19639: result: /usr/bin/glib-mkenums
configure:19692: checking whether to build gtk-doc documentation
configure:19694: result: no
configure:19701: checking for gtkdoc-check
configure:19734: result: no
configure:19864: checking for GDK
configure:19871: $PKG_CONFIG --exists --print-errors "gdk-2.0"
configure:19874: $? = 0
configure:19887: $PKG_CONFIG --exists --print-errors "gdk-2.0"
configure:19890: $? = 0
configure:19927: result: yes
configure:20294: checking for Qt headers
configure:20303: result: no
configure:20306: checking for Qt libraries
configure:20320: result: no
configure:20612: checking for POPPLER_QT4
configure:20619: $PKG_CONFIG --exists --print-errors "QtCore >= 4.4.0 QtGui >= 4.4.0 QtXml >= 4.4.0"
configure:20622: $? = 0
configure:20635: $PKG_CONFIG --exists --print-errors "QtCore >= 4.4.0 QtGui >= 4.4.0 QtXml >= 4.4.0"
configure:20638: $? = 0
configure:20675: result: yes
configure:20682: checking for POPPLER_QT4_TEST
configure:20689: $PKG_CONFIG --exists --print-errors "QtTest >= 4.4.0"
configure:20692: $? = 0
configure:20705: $PKG_CONFIG --exists --print-errors "QtTest >= 4.4.0"
configure:20708: $? = 0
configure:20745: result: yes
configure:20757: checking for Qt4 moc
configure:20774: result: /usr/bin/moc
configure:20887: checking for GTK_TEST
configure:20894: $PKG_CONFIG --exists --print-errors "gtk+-2.0 >= 2.12 gdk-pixbuf-2.0 gthread-2.0"
configure:20897: $? = 0
configure:20910: $PKG_CONFIG --exists --print-errors "gtk+-2.0 >= 2.12 gdk-pixbuf-2.0 gthread-2.0"
configure:20913: $? = 0
configure:20950: result: yes
configure:21064: checking for ABIWORD
configure:21071: $PKG_CONFIG --exists --print-errors "libxml-2.0"
configure:21074: $? = 0
configure:21087: $PKG_CONFIG --exists --print-errors "libxml-2.0"
configure:21090: $? = 0
configure:21127: result: yes
configure:21267: checking for LCMS
configure:21274: $PKG_CONFIG --exists --print-errors "lcms"
Package lcms was not found in the pkg-config search path.
Perhaps you should add the directory containing `lcms.pc'
to the PKG_CONFIG_PATH environment variable
No package 'lcms' found
configure:21277: $? = 1
configure:21290: $PKG_CONFIG --exists --print-errors "lcms"
Package lcms was not found in the pkg-config search path.
Perhaps you should add the directory containing `lcms.pc'
to the PKG_CONFIG_PATH environment variable
No package 'lcms' found
configure:21293: $? = 1
configure:21306: result: no
No package 'lcms' found
configure:21588: creating ./config.status

## ---------------- ##
## Cache variables. ##
## ---------------- ##

ac_cv_build=x86_64-unknown-linux-gnu
ac_cv_c_compiler_gnu=yes
ac_cv_cairo_has_blend_modes=no
ac_cv_cxx_compiler_gnu=yes
ac_cv_env_ABIWORD_CFLAGS_set=
ac_cv_env_ABIWORD_CFLAGS_value=
ac_cv_env_ABIWORD_LIBS_set=
ac_cv_env_ABIWORD_LIBS_value=
ac_cv_env_CAIRO_CFLAGS_set=
ac_cv_env_CAIRO_CFLAGS_value=
ac_cv_env_CAIRO_LIBS_set=
ac_cv_env_CAIRO_LIBS_value=
ac_cv_env_CCC_set=
ac_cv_env_CCC_value=
ac_cv_env_CC_set=
ac_cv_env_CC_value=
ac_cv_env_CFLAGS_set=
ac_cv_env_CFLAGS_value=
ac_cv_env_CPPFLAGS_set=
ac_cv_env_CPPFLAGS_value=
ac_cv_env_CPP_set=
ac_cv_env_CPP_value=
ac_cv_env_CXXCPP_set=
ac_cv_env_CXXCPP_value=
ac_cv_env_CXXFLAGS_set=
ac_cv_env_CXXFLAGS_value=
ac_cv_env_CXX_set=
ac_cv_env_CXX_value=
ac_cv_env_FONTCONFIG_CFLAGS_set=
ac_cv_env_FONTCONFIG_CFLAGS_value=
ac_cv_env_FONTCONFIG_LIBS_set=
ac_cv_env_FONTCONFIG_LIBS_value=
ac_cv_env_FREETYPE_CFLAGS_set=
ac_cv_env_FREETYPE_CFLAGS_value=
ac_cv_env_FREETYPE_LIBS_set=
ac_cv_env_FREETYPE_LIBS_value=
ac_cv_env_GDK_CFLAGS_set=
ac_cv_env_GDK_CFLAGS_value=
ac_cv_env_GDK_LIBS_set=
ac_cv_env_GDK_LIBS_value=
ac_cv_env_GTK_TEST_CFLAGS_set=
ac_cv_env_GTK_TEST_CFLAGS_value=
ac_cv_env_GTK_TEST_LIBS_set=
ac_cv_env_GTK_TEST_LIBS_value=
ac_cv_env_LCMS_CFLAGS_set=
ac_cv_env_LCMS_CFLAGS_value=
ac_cv_env_LCMS_LIBS_set=
ac_cv_env_LCMS_LIBS_value=
ac_cv_env_LDFLAGS_set=
ac_cv_env_LDFLAGS_value=
ac_cv_env_LIBS_set=
ac_cv_env_LIBS_value=
ac_cv_env_PKG_CONFIG_LIBDIR_set=
ac_cv_env_PKG_CONFIG_LIBDIR_value=
ac_cv_env_PKG_CONFIG_PATH_set=
ac_cv_env_PKG_CONFIG_PATH_value=
ac_cv_env_PKG_CONFIG_set=
ac_cv_env_PKG_CONFIG_value=
ac_cv_env_POPPLER_GLIB_CFLAGS_set=
ac_cv_env_POPPLER_GLIB_CFLAGS_value=
ac_cv_env_POPPLER_GLIB_LIBS_set=
ac_cv_env_POPPLER_GLIB_LIBS_value=
ac_cv_env_POPPLER_QT4_CFLAGS_set=
ac_cv_env_POPPLER_QT4_CFLAGS_value=
ac_cv_env_POPPLER_QT4_LIBS_set=
ac_cv_env_POPPLER_QT4_LIBS_value=
ac_cv_env_POPPLER_QT4_TEST_CFLAGS_set=
ac_cv_env_POPPLER_QT4_TEST_CFLAGS_value=
ac_cv_env_POPPLER_QT4_TEST_LIBS_set=
ac_cv_env_POPPLER_QT4_TEST_LIBS_value=
ac_cv_env_XMKMF_set=
ac_cv_env_XMKMF_value=
ac_cv_env_build_alias_set=
ac_cv_env_build_alias_value=
ac_cv_env_host_alias_set=
ac_cv_env_host_alias_value=
ac_cv_env_target_alias_set=
ac_cv_env_target_alias_value=
ac_cv_func_connect=yes
ac_cv_func_fseek64=no
ac_cv_func_ftell64=no
ac_cv_func_gethostbyname=yes
ac_cv_func_gettimeofday=yes
ac_cv_func_gmtime_r=yes
ac_cv_func_localtime_r=yes
ac_cv_func_mkstemp=yes
ac_cv_func_mkstemps=yes
ac_cv_func_nanosleep=yes
ac_cv_func_popen=yes
ac_cv_func_remove=yes
ac_cv_func_shmat=yes
ac_cv_have_x='have_x=yes	ac_x_includes='\'''\''	ac_x_libraries='\'''\'''
ac_cv_header_dirent_dirent_h=yes
ac_cv_header_dlfcn_h=yes
ac_cv_header_fcntl_h=yes
ac_cv_header_inttypes_h=yes
ac_cv_header_jpeglib_h=yes
ac_cv_header_memory_h=yes
ac_cv_header_openjpeg_h=no
ac_cv_header_stdc=yes
ac_cv_header_stdint_h=yes
ac_cv_header_stdlib_h=yes
ac_cv_header_string_h=yes
ac_cv_header_strings_h=yes
ac_cv_header_sys_mman_h=yes
ac_cv_header_sys_stat_h=yes
ac_cv_header_sys_types_h=yes
ac_cv_header_unistd_h=yes
ac_cv_host=x86_64-unknown-linux-gnu
ac_cv_lib_ICE_IceConnectionNumber=yes
ac_cv_lib_jpeg_6b=no
ac_cv_lib_jpeg_normal=-ljpeg
ac_cv_lib_openjpeg_opj_cio_open=no
ac_cv_lib_png=-lpng
ac_cv_objext=o
ac_cv_path_EGREP='/bin/grep -E'
ac_cv_path_FGREP='/bin/grep -F'
ac_cv_path_GLIB_MKENUMS=/usr/bin/glib-mkenums
ac_cv_path_GREP=/bin/grep
ac_cv_path_SED=/bin/sed
ac_cv_path_ac_pt_PKG_CONFIG=/usr/bin/pkg-config
ac_cv_path_install='/usr/bin/install -c'
ac_cv_path_mkdir=/bin/mkdir
ac_cv_prog_AWK=gawk
ac_cv_prog_CPP='gcc -E'
ac_cv_prog_CXXCPP='g++ -E'
ac_cv_prog_ac_ct_AR=ar
ac_cv_prog_ac_ct_CC=gcc
ac_cv_prog_ac_ct_CXX=g++
ac_cv_prog_ac_ct_OBJDUMP=objdump
ac_cv_prog_ac_ct_RANLIB=ranlib
ac_cv_prog_ac_ct_STRIP=strip
ac_cv_prog_cc_c89=
ac_cv_prog_cc_c99=-std=gnu99
ac_cv_prog_cc_g=yes
ac_cv_prog_cc_stdc=-std=gnu99
ac_cv_prog_cxx_g=yes
ac_cv_prog_make_make_set=yes
ac_cv_search_opendir='none required'
ac_cv_search_strerror='none required'
ac_cv_sys_file_offset_bits=no
ac_cv_sys_largefile_CC=no
ac_cv_sys_largefile_source=no
am_cv_CC_dependencies_compiler_type=gcc3
am_cv_CXX_dependencies_compiler_type=gcc3
lt_cv_deplibs_check_method=pass_all
lt_cv_file_magic_cmd='$MAGIC_CMD'
lt_cv_file_magic_test_file=
lt_cv_ld_reload_flag=-r
lt_cv_nm_interface='BSD nm'
lt_cv_objdir=.libs
lt_cv_path_LD=/usr/bin/ld
lt_cv_path_LDCXX='/usr/bin/ld -m elf_x86_64'
lt_cv_path_NM='/usr/bin/nm -B'
lt_cv_prog_compiler_c_o=yes
lt_cv_prog_compiler_c_o_CXX=yes
lt_cv_prog_compiler_pic_works=yes
lt_cv_prog_compiler_pic_works_CXX=yes
lt_cv_prog_compiler_rtti_exceptions=no
lt_cv_prog_compiler_static_works=yes
lt_cv_prog_compiler_static_works_CXX=yes
lt_cv_prog_gnu_ld=yes
lt_cv_prog_gnu_ldcxx=yes
lt_cv_sys_global_symbol_pipe='sed -n -e '\''s/^.*[	 ]\([ABCDGIRSTW][ABCDGIRSTW]*\)[	 ][	 ]*\([_A-Za-z][_A-Za-z0-9]*\)$/\1 \2 \2/p'\'''
lt_cv_sys_global_symbol_to_c_name_address='sed -n -e '\''s/^: \([^ ]*\) $/  {\"\1\", (void *) 0},/p'\'' -e '\''s/^[ABCDGIRSTW]* \([^ ]*\) \([^ ]*\)$/  {"\2", (void *) \&\2},/p'\'''
lt_cv_sys_global_symbol_to_c_name_address_lib_prefix='sed -n -e '\''s/^: \([^ ]*\) $/  {\"\1\", (void *) 0},/p'\'' -e '\''s/^[ABCDGIRSTW]* \([^ ]*\) \(lib[^ ]*\)$/  {"\2", (void *) \&\2},/p'\'' -e '\''s/^[ABCDGIRSTW]* \([^ ]*\) \([^ ]*\)$/  {"lib\2", (void *) \&\2},/p'\'''
lt_cv_sys_global_symbol_to_cdecl='sed -n -e '\''s/^T .* \(.*\)$/extern int \1();/p'\'' -e '\''s/^[ABCDGIRSTW]* .* \(.*\)$/extern char \1;/p'\'''
lt_cv_sys_max_cmd_len=3458764513820540925
pkg_cv_ABIWORD_CFLAGS='-I/usr/include/libxml2  '
pkg_cv_ABIWORD_LIBS='-lxml2  '
pkg_cv_CAIRO_CFLAGS='-I/usr/include/cairo -I/usr/include/pixman-1 -I/usr/include/freetype2 -I/usr/include/libpng12  '
pkg_cv_CAIRO_LIBS='-lcairo  '
pkg_cv_FONTCONFIG_CFLAGS=' '
pkg_cv_FONTCONFIG_LIBS='-lfontconfig  '
pkg_cv_FREETYPE_CFLAGS='-I/usr/include/freetype2  '
pkg_cv_FREETYPE_LIBS='-lfreetype  '
pkg_cv_GDK_CFLAGS='-pthread -I/usr/include/gtk-2.0 -I/usr/lib/gtk-2.0/include -I/usr/include/cairo -I/usr/include/pango-1.0 -I/usr/include/gio-unix-2.0/ -I/usr/include/pixman-1 -I/usr/include/freetype2 -I/usr/include/libpng12 -I/usr/include/glib-2.0 -I/usr/lib/glib-2.0/include  '
pkg_cv_GDK_LIBS='-pthread -lgdk-x11-2.0 -lgdk_pixbuf-2.0 -lm -lpangocairo-1.0 -lpango-1.0 -lcairo -lgio-2.0 -lgobject-2.0 -lgmodule-2.0 -lgthread-2.0 -lrt -lglib-2.0  '
pkg_cv_GTK_TEST_CFLAGS='-pthread -I/usr/include/gtk-2.0 -I/usr/lib/gtk-2.0/include -I/usr/include/atk-1.0 -I/usr/include/cairo -I/usr/include/pango-1.0 -I/usr/include/gio-unix-2.0/ -I/usr/include/pixman-1 -I/usr/include/freetype2 -I/usr/include/libpng12 -I/usr/include/glib-2.0 -I/usr/lib/glib-2.0/include  '
pkg_cv_GTK_TEST_LIBS='-pthread -lgtk-x11-2.0 -lgdk-x11-2.0 -latk-1.0 -lpangoft2-1.0 -lpangocairo-1.0 -lcairo -lgio-2.0 -lpango-1.0 -lfreetype -lfontconfig -lgdk_pixbuf-2.0 -lm -lgobject-2.0 -lgmodule-2.0 -lgthread-2.0 -lrt -lglib-2.0  '
pkg_cv_POPPLER_GLIB_CFLAGS='-pthread -I/usr/include/glib-2.0 -I/usr/lib/glib-2.0/include  '
pkg_cv_POPPLER_GLIB_LIBS='-pthread -lgobject-2.0 -lgthread-2.0 -lrt -lglib-2.0  '
pkg_cv_POPPLER_QT4_CFLAGS='-DQT_SHARED -I/usr/include/qt4 -I/usr/include/qt4/QtCore -I/usr/include/qt4/QtGui -I/usr/include/qt4/QtXml  '
pkg_cv_POPPLER_QT4_LIBS='-lQtGui -lQtXml -lQtCore  '
pkg_cv_POPPLER_QT4_TEST_CFLAGS='-DQT_SHARED -I/usr/include/qt4 -I/usr/include/qt4/QtTest  '
pkg_cv_POPPLER_QT4_TEST_LIBS='-lQtTest  '
xpdf_cv_func_fseek64=no
xpdf_cv_func_ftell64=no

## ----------------- ##
## Output variables. ##
## ----------------- ##

ABIWORD_CFLAGS='-I/usr/include/libxml2  '
ABIWORD_LIBS='-lxml2  '
ACLOCAL='${SHELL} /home/wilson/etc/xournalpp_popplerandmathtex/src/pdf/popplerdirect/poppler-0.12.4/missing --run aclocal-1.11'
AMDEPBACKSLASH='\'
AMDEP_FALSE='#'
AMDEP_TRUE=''
AMTAR='${SHELL} /home/wilson/etc/xournalpp_popplerandmathtex/src/pdf/popplerdirect/poppler-0.12.4/missing --run tar'
AM_BACKSLASH='\'
AM_DEFAULT_VERBOSITY='1'
AR='ar'
AS='as'
AUTOCONF='${SHELL} /home/wilson/etc/xournalpp_popplerandmathtex/src/pdf/popplerdirect/poppler-0.12.4/missing --run autoconf'
AUTOHEADER='${SHELL} /home/wilson/etc/xournalpp_popplerandmathtex/src/pdf/popplerdirect/poppler-0.12.4/missing --run autoheader'
AUTOMAKE='${SHELL} /home/wilson/etc/xournalpp_popplerandmathtex/src/pdf/popplerdirect/poppler-0.12.4/missing --run automake-1.11'
AWK='gawk'
BUILD_ABIWORD_OUTPUT_FALSE='#'
BUILD_ABIWORD_OUTPUT_TRUE=''
BUILD_CAIRO_OUTPUT_FALSE='#'
BUILD_CAIRO_OUTPUT_TRUE=''
BUILD_GTK_TEST_FALSE='#'
BUILD_GTK_TEST_TRUE=''
BUILD_LIBJPEG_FALSE='#'
BUILD_LIBJPEG_TRUE=''
BUILD_LIBOPENJPEG_FALSE=''
BUILD_LIBOPENJPEG_TRUE='#'
BUILD_LIBPNG_FALSE='#'
BUILD_LIBPNG_TRUE=''
BUILD_POPPLER_GLIB_FALSE='#'
BUILD_POPPLER_GLIB_TRUE=''
BUILD_POPPLER_QT4_FALSE='#'
BUILD_POPPLER_QT4_TRUE=''
BUILD_POPPLER_QT_FALSE=''
BUILD_POPPLER_QT_TRUE='#'
BUILD_SPLASH_OUTPUT_FALSE='#'
BUILD_SPLASH_OUTPUT_TRUE=''
BUILD_UTILS_FALSE='#'
BUILD_UTILS_TRUE=''
BUILD_WITH_GDK_FALSE='#'
BUILD_WITH_GDK_TRUE=''
BUILD_ZLIB_FALSE=''
BUILD_ZLIB_TRUE='#'
CAIRO_CFLAGS='-I/usr/include/cairo -I/usr/include/pixman-1 -I/usr/include/freetype2 -I/usr/include/libpng12  '
CAIRO_FEATURE='#define POPPLER_HAS_CAIRO 1'
CAIRO_LIBS='-lcairo  '
CAIRO_REQ='cairo'
CAIRO_VERSION='1.8.4'
CC='gcc -std=gnu99'
CCDEPMODE='depmode=gcc3'
CFLAGS='-g -O2'
CPP='gcc -E'
CPPFLAGS=''
CXX='g++'
CXXCPP='g++ -E'
CXXDEPMODE='depmode=gcc3'
CXXFLAGS='-Wall -Wno-write-strings -Woverloaded-virtual -g -O2'
CYGPATH_W='echo'
DEFS='-DHAVE_CONFIG_H'
DEPDIR='.deps'
DLLTOOL='dlltool'
DSYMUTIL=''
DUMPBIN=''
ECHO_C=''
ECHO_N='-n'
ECHO_T=''
EGREP='/bin/grep -E'
ENABLE_GTK_DOC_FALSE=''
ENABLE_GTK_DOC_TRUE='#'
ENABLE_XPDF_HEADERS_FALSE=''
ENABLE_XPDF_HEADERS_TRUE='#'
EXEEXT=''
FGREP='/bin/grep -F'
FONTCONFIG_CFLAGS=' '
FONTCONFIG_LIBS='-lfontconfig  '
FREETYPE_CFLAGS='-I/usr/include/freetype2  '
FREETYPE_CONFIG=''
FREETYPE_LIBS='-lfreetype  '
GDK_CFLAGS='-pthread -I/usr/include/gtk-2.0 -I/usr/lib/gtk-2.0/include -I/usr/include/cairo -I/usr/include/pango-1.0 -I/usr/include/gio-unix-2.0/ -I/usr/include/pixman-1 -I/usr/include/freetype2 -I/usr/include/libpng12 -I/usr/include/glib-2.0 -I/usr/lib/glib-2.0/include  '
GDK_FEATURE='#define POPPLER_WITH_GDK 1'
GDK_LIBS='-pthread -lgdk-x11-2.0 -lgdk_pixbuf-2.0 -lm -lpangocairo-1.0 -lpango-1.0 -lcairo -lgio-2.0 -lgobject-2.0 -lgmodule-2.0 -lgthread-2.0 -lrt -lglib-2.0  '
GLIB_MKENUMS='/usr/bin/glib-mkenums'
GREP='/bin/grep'
GTKDOC_CHECK=''
GTK_DOC_USE_LIBTOOL_FALSE='#'
GTK_DOC_USE_LIBTOOL_TRUE=''
GTK_TEST_CFLAGS='-pthread -I/usr/include/gtk-2.0 -I/usr/lib/gtk-2.0/include -I/usr/include/atk-1.0 -I/usr/include/cairo -I/usr/include/pango-1.0 -I/usr/include/gio-unix-2.0/ -I/usr/include/pixman-1 -I/usr/include/freetype2 -I/usr/include/libpng12 -I/usr/include/glib-2.0 -I/usr/lib/glib-2.0/include  '
GTK_TEST_LIBS='-pthread -lgtk-x11-2.0 -lgdk-x11-2.0 -latk-1.0 -lpangoft2-1.0 -lpangocairo-1.0 -lcairo -lgio-2.0 -lpango-1.0 -lfreetype -lfontconfig -lgdk_pixbuf-2.0 -lm -lgobject-2.0 -lgmodule-2.0 -lgthread-2.0 -lrt -lglib-2.0  '
HTML_DIR='${datadir}/gtk-doc/html'
INSTALL_DATA='${INSTALL} -m 644'
INSTALL_PROGRAM='${INSTALL}'
INSTALL_SCRIPT='${INSTALL}'
INSTALL_STRIP_PROGRAM='$(install_sh) -c -s'
LCMS_CFLAGS=''
LCMS_LIBS=''
LD='/usr/bin/ld -m elf_x86_64'
LDFLAGS=''
LIBJPEG_LIBS='-ljpeg'
LIBOBJS=''
LIBOPENJPEG_LIBS=''
LIBPNG_LIBS='-lpng'
LIBS=''
LIBTOOL='$(SHELL) $(top_builddir)/libtool'
LIPO=''
LN_S='ln -s'
LTLIBOBJS=''
MAKEINFO='${SHELL} /home/wilson/etc/xournalpp_popplerandmathtex/src/pdf/popplerdirect/poppler-0.12.4/missing --run makeinfo'
MKDIR_P='/bin/mkdir -p'
MOCQT4='/usr/bin/moc'
NM='/usr/bin/nm -B'
NMEDIT=''
OBJDUMP='objdump'
OBJEXT='o'
OTOOL64=''
OTOOL=''
PACKAGE='poppler'
PACKAGE_BUGREPORT='https://bugs.freedesktop.org/enter_bug.cgi?product=poppler'
PACKAGE_NAME='poppler'
PACKAGE_STRING='poppler 0.12.4'
PACKAGE_TARNAME='poppler'
PACKAGE_URL=''
PACKAGE_VERSION='0.12.4'
PATH_SEPARATOR=':'
PC_REQUIRES=''
PC_REQUIRES_PRIVATE='Requires.private: poppler = 0.12.4'
PKG_CONFIG='/usr/bin/pkg-config'
PKG_CONFIG_LIBDIR=''
PKG_CONFIG_PATH=''
POPPLER_DATADIR='/usr/local/share/poppler'
POPPLER_GLIB_CFLAGS='-pthread -I/usr/include/glib-2.0 -I/usr/lib/glib-2.0/include  '
POPPLER_GLIB_DISABLE_DEPRECATED=' -DG_DISABLE_DEPRECATED -DGDK_DISABLE_DEPRECATED -DGDK_PIXBUF_DISABLE_DEPRECATED'
POPPLER_GLIB_DISABLE_SINGLE_INCLUDES=' -DG_DISABLE_SINGLE_INCLUDES -DGTK_DISABLE_SINGLE_INCLUDES'
POPPLER_GLIB_LIBS='-pthread -lgobject-2.0 -lgthread-2.0 -lrt -lglib-2.0  '
POPPLER_MAJOR_VERSION='0'
POPPLER_MICRO_VERSION='4'
POPPLER_MINOR_VERSION='12'
POPPLER_QT4_CFLAGS='-DQT_SHARED -I/usr/include/qt4 -I/usr/include/qt4/QtCore -I/usr/include/qt4/QtGui -I/usr/include/qt4/QtXml  '
POPPLER_QT4_CXXFLAGS=''
POPPLER_QT4_LIBS='-lQtGui -lQtXml -lQtCore  '
POPPLER_QT4_TEST_CFLAGS='-DQT_SHARED -I/usr/include/qt4 -I/usr/include/qt4/QtTest  '
POPPLER_QT4_TEST_LIBS='-lQtTest  '
POPPLER_QT_CXXFLAGS=''
POPPLER_QT_LIBS=''
PTHREAD_CC='gcc -std=gnu99'
PTHREAD_CFLAGS='-pthread'
PTHREAD_LIBS=''
RANLIB='ranlib'
SED='/bin/sed'
SET_MAKE=''
SHELL='/bin/bash'
STRIP='strip'
USE_CMS_FALSE=''
USE_CMS_TRUE='#'
VERSION='0.12.4'
XMKMF=''
X_CFLAGS=''
X_EXTRA_LIBS=''
X_LIBS=''
X_PRE_LIBS=' -lSM -lICE'
ZLIB_LIBS=''
ac_ct_CC='gcc'
ac_ct_CXX='g++'
ac_ct_DUMPBIN=''
acx_pthread_config=''
am__EXEEXT_FALSE=''
am__EXEEXT_TRUE='#'
am__fastdepCC_FALSE='#'
am__fastdepCC_TRUE=''
am__fastdepCXX_FALSE='#'
am__fastdepCXX_TRUE=''
am__include='include'
am__isrc=''
am__leading_dot='.'
am__quote=''
am__tar='${AMTAR} chof - "$$tardir"'
am__untar='${AMTAR} xf -'
auto_import_flags=''
bindir='${exec_prefix}/bin'
build='x86_64-unknown-linux-gnu'
build_alias=''
build_cpu='x86_64'
build_os='linux-gnu'
build_vendor='unknown'
create_shared_lib=''
datadir='${datarootdir}'
datarootdir='${prefix}/share'
docdir='${datarootdir}/doc/${PACKAGE_TARNAME}'
dvidir='${docdir}'
exec_prefix='${prefix}'
host='x86_64-unknown-linux-gnu'
host_alias=''
host_cpu='x86_64'
host_os='linux-gnu'
host_vendor='unknown'
htmldir='${docdir}'
includedir='${prefix}/include'
infodir='${datarootdir}/info'
install_sh='${SHELL} /home/wilson/etc/xournalpp_popplerandmathtex/src/pdf/popplerdirect/poppler-0.12.4/install-sh'
libdir='${exec_prefix}/lib'
libexecdir='${exec_prefix}/libexec'
localedir='${datarootdir}/locale'
localstatedir='${prefix}/var'
lt_ECHO='echo'
mandir='${datarootdir}/man'
mkdir_p='/bin/mkdir -p'
oldincludedir='/usr/include'
pdfdir='${docdir}'
prefix='/usr/local'
program_transform_name='s,x,x,'
psdir='${docdir}'
sbindir='${exec_prefix}/sbin'
sharedstatedir='${prefix}/com'
sysconfdir='${prefix}/etc'
target_alias=''
win32_libs=''

## ----------- ##
## confdefs.h. ##
## ----------- ##

/* confdefs.h */
#define PACKAGE_NAME "poppler"
#define PACKAGE_TARNAME "poppler"
#define PACKAGE_VERSION "0.12.4"
#define PACKAGE_STRING "poppler 0.12.4"
#define PACKAGE_BUGREPORT "https://bugs.freedesktop.org/enter_bug.cgi?product=poppler"
#define PACKAGE_URL ""
#define PACKAGE "poppler"
#define VERSION "0.12.4"
#define STDC_HEADERS 1
#define HAVE_SYS_TYPES_H 1
#define HAVE_SYS_STAT_H 1
#define HAVE_STDLIB_H 1
#define HAVE_STRING_H 1
#define HAVE_MEMORY_H 1
#define HAVE_STRINGS_H 1
#define HAVE_INTTYPES_H 1
#define HAVE_STDINT_H 1
#define HAVE_UNISTD_H 1
#define HAVE_DLFCN_H 1
#define LT_OBJDIR ".libs/"
#define HAVE_GETTIMEOFDAY 1
#define HAVE_LOCALTIME_R 1
#define HAVE_GMTIME_R 1
#define OPI_SUPPORT 1
#define MULTITHREADED 1
#define TEXTOUT_WORD_LIST 1
#define HAVE_PTHREAD 1
#define POPPLER_DATADIR "/usr/local/share/poppler"
#define HAVE_DIRENT_H 1
#define HAVE_POPEN 1
#define HAVE_MKSTEMP 1
#define HAVE_MKSTEMPS 1
#define HAVE_FSEEKO 1
#define ENABLE_LIBJPEG 1
#define ENABLE_LIBPNG 1
#define HAVE_FREETYPE_H 1
#define HAVE_SPLASH 1
#define HAVE_CAIRO 1
#define HAVE_FCNTL_H 1
#define HAVE_SYS_MMAN_H 1
#define HAVE_SYS_STAT_H 1
#define POPPLER_WITH_GDK 1

configure: exit 0

## ---------------------- ##
## Running config.status. ##
## ---------------------- ##

This file was extended by poppler config.status 0.12.4, which was
generated by GNU Autoconf 2.67.  Invocation command line was

  CONFIG_FILES    = 
  CONFIG_HEADERS  = 
  CONFIG_LINKS    = 
  CONFIG_COMMANDS = 
  $ ./config.status 

on wilsonBEAST

config.status:1277: creating Makefile
config.status:1277: creating goo/Makefile
config.status:1277: creating fofi/Makefile
config.status:1277: creating splash/Makefile
config.status:1277: creating poppler/Makefile
config.status:1277: creating utils/Makefile
config.status:1277: creating glib/Makefile
config.status:1277: creating glib/poppler-features.h
config.status:1277: creating glib/reference/Makefile
config.status:1277: creating glib/demo/Makefile
config.status:1277: creating test/Makefile
config.status:1277: creating qt/Makefile
config.status:1277: creating qt4/Makefile
config.status:1277: creating qt4/src/Makefile
config.status:1277: creating qt4/tests/Makefile
config.status:1277: creating qt4/demos/Makefile
config.status:1277: creating poppler.pc
config.status:1277: creating poppler-cairo.pc
config.status:1277: creating poppler-splash.pc
config.status:1277: creating poppler-glib.pc
config.status:1277: creating poppler-qt.pc
config.status:1277: creating poppler-qt4.pc
config.status:1277: creating config.h
config.status:1457: config.h is unchanged
config.status:1277: creating poppler/poppler-config.h
config.status:1457: poppler/poppler-config.h is unchanged
config.status:1505: executing depfiles commands
config.status:1505: executing libtool commands
