This file contains any messages produced by compilers while
running configure, to aid debugging if configure makes a mistake.

It was created by mathtex configure 1.02, which was
generated by GNU Autoconf 2.67.  Invocation command line was

  $ ./configure 

## --------- ##
## Platform. ##
## --------- ##

hostname = wilsonBEAST
uname -m = x86_64
uname -r = 2.6.32-5-amd64
uname -s = Linux
uname -v = #1 SMP Sun May 6 04:00:17 UTC 2012

/usr/bin/uname -p = unknown
/bin/uname -X     = unknown

/bin/arch              = unknown
/usr/bin/arch -k       = unknown
/usr/convex/getsysinfo = unknown
/usr/bin/hostinfo      = unknown
/bin/machine           = unknown
/usr/bin/oslevel       = unknown
/bin/universe          = unknown

PATH: /home/wilson/bin
PATH: /usr/local/bin
PATH: /usr/bin
PATH: /bin
PATH: /usr/local/games
PATH: /usr/games
PATH: /home/wilson/bin
PATH: /home/wilson/documents/Dropbox/preferences/bin


## ----------- ##
## Core tests. ##
## ----------- ##

configure:2209: checking for a BSD-compatible install
configure:2277: result: /usr/bin/install -c
configure:2288: checking whether build environment is sane
configure:2338: result: yes
configure:2479: checking for a thread-safe mkdir -p
configure:2518: result: /bin/mkdir -p
configure:2531: checking for gawk
configure:2547: found /usr/bin/gawk
configure:2558: result: gawk
configure:2569: checking whether make sets $(MAKE)
configure:2591: result: yes
configure:2726: checking for gcc
configure:2742: found /usr/bin/gcc
configure:2753: result: gcc
configure:2982: checking for C compiler version
configure:2991: gcc --version >&5
gcc (Debian 4.4.5-8) 4.4.5
Copyright (C) 2010 Free Software Foundation, Inc.
This is free software; see the source for copying conditions.  There is NO
warranty; not even for MERCHANTABILITY or FITNESS FOR A PARTICULAR PURPOSE.

configure:3002: $? = 0
configure:2991: gcc -v >&5
Using built-in specs.
Target: x86_64-linux-gnu
Configured with: ../src/configure -v --with-pkgversion='Debian 4.4.5-8' --with-bugurl=file:///usr/share/doc/gcc-4.4/README.Bugs --enable-languages=c,c++,fortran,objc,obj-c++ --prefix=/usr --program-suffix=-4.4 --enable-shared --enable-multiarch --enable-linker-build-id --with-system-zlib --libexecdir=/usr/lib --without-included-gettext --enable-threads=posix --with-gxx-include-dir=/usr/include/c++/4.4 --libdir=/usr/lib --enable-nls --enable-clocale=gnu --enable-libstdcxx-debug --enable-objc-gc --with-arch-32=i586 --with-tune=generic --enable-checking=release --build=x86_64-linux-gnu --host=x86_64-linux-gnu --target=x86_64-linux-gnu
Thread model: posix
gcc version 4.4.5 (Debian 4.4.5-8) 
configure:3002: $? = 0
configure:2991: gcc -V >&5
gcc: '-V' option must have argument
configure:3002: $? = 1
configure:2991: gcc -qversion >&5
gcc: unrecognized option '-qversion'
gcc: no input files
configure:3002: $? = 1
configure:3022: checking whether the C compiler works
configure:3044: gcc    conftest.c  >&5
configure:3048: $? = 0
configure:3096: result: yes
configure:3099: checking for C compiler default output file name
configure:3101: result: a.out
configure:3107: checking for suffix of executables
configure:3114: gcc -o conftest    conftest.c  >&5
configure:3118: $? = 0
configure:3140: result: 
configure:3162: checking whether we are cross compiling
configure:3170: gcc -o conftest    conftest.c  >&5
configure:3174: $? = 0
configure:3181: ./conftest
configure:3185: $? = 0
configure:3200: result: no
configure:3205: checking for suffix of object files
configure:3227: gcc -c   conftest.c >&5
configure:3231: $? = 0
configure:3252: result: o
configure:3256: checking whether we are using the GNU C compiler
configure:3275: gcc -c   conftest.c >&5
configure:3275: $? = 0
configure:3284: result: yes
configure:3293: checking whether gcc accepts -g
configure:3313: gcc -c -g  conftest.c >&5
configure:3313: $? = 0
configure:3354: result: yes
configure:3371: checking for gcc option to accept ISO C89
configure:3435: gcc  -c -g -O2  conftest.c >&5
configure:3435: $? = 0
configure:3448: result: none needed
configure:3479: checking for style of include used by make
configure:3507: result: GNU
configure:3532: checking dependency style of gcc
configure:3642: result: gcc3
configure:3660: checking for latex
configure:3676: found /usr/bin/latex
configure:3688: result: yes
configure:3708: checking for dvipng
configure:3724: found /usr/bin/dvipng
configure:3736: result: yes
configure:3763: checking how to run the C preprocessor
configure:3794: gcc -E  conftest.c
configure:3794: $? = 0
configure:3808: gcc -E  conftest.c
conftest.c:13:28: error: ac_nonexistent.h: No such file or directory
configure:3808: $? = 1
configure: failed program was:
| /* confdefs.h */
| #define PACKAGE_NAME "mathtex"
| #define PACKAGE_TARNAME "mathtex"
| #define PACKAGE_VERSION "1.02"
| #define PACKAGE_STRING "mathtex 1.02"
| #define PACKAGE_BUGREPORT "BUG-REPORT-ADDRESS"
| #define PACKAGE_URL ""
| #define PACKAGE "mathtex"
| #define VERSION "1.02"
| #define LATEX "/usr/bin/latex"
| #define DVIPNG "/usr/bin/dvipng"
| /* end confdefs.h.  */
| #include <ac_nonexistent.h>
configure:3833: result: gcc -E
configure:3853: gcc -E  conftest.c
configure:3853: $? = 0
configure:3867: gcc -E  conftest.c
conftest.c:13:28: error: ac_nonexistent.h: No such file or directory
configure:3867: $? = 1
configure: failed program was:
| /* confdefs.h */
| #define PACKAGE_NAME "mathtex"
| #define PACKAGE_TARNAME "mathtex"
| #define PACKAGE_VERSION "1.02"
| #define PACKAGE_STRING "mathtex 1.02"
| #define PACKAGE_BUGREPORT "BUG-REPORT-ADDRESS"
| #define PACKAGE_URL ""
| #define PACKAGE "mathtex"
| #define VERSION "1.02"
| #define LATEX "/usr/bin/latex"
| #define DVIPNG "/usr/bin/dvipng"
| /* end confdefs.h.  */
| #include <ac_nonexistent.h>
configure:3896: checking for grep that handles long lines and -e
configure:3954: result: /bin/grep
configure:3959: checking for egrep
configure:4021: result: /bin/grep -E
configure:4026: checking for ANSI C header files
configure:4046: gcc -c -g -O2  conftest.c >&5
configure:4046: $? = 0
configure:4119: gcc -o conftest -g -O2   conftest.c  >&5
configure:4119: $? = 0
configure:4119: ./conftest
configure:4119: $? = 0
configure:4130: result: yes
configure:4143: checking for sys/types.h
configure:4143: gcc -c -g -O2  conftest.c >&5
configure:4143: $? = 0
configure:4143: result: yes
configure:4143: checking for sys/stat.h
configure:4143: gcc -c -g -O2  conftest.c >&5
configure:4143: $? = 0
configure:4143: result: yes
configure:4143: checking for stdlib.h
configure:4143: gcc -c -g -O2  conftest.c >&5
configure:4143: $? = 0
configure:4143: result: yes
configure:4143: checking for string.h
configure:4143: gcc -c -g -O2  conftest.c >&5
configure:4143: $? = 0
configure:4143: result: yes
configure:4143: checking for memory.h
configure:4143: gcc -c -g -O2  conftest.c >&5
configure:4143: $? = 0
configure:4143: result: yes
configure:4143: checking for strings.h
configure:4143: gcc -c -g -O2  conftest.c >&5
configure:4143: $? = 0
configure:4143: result: yes
configure:4143: checking for inttypes.h
configure:4143: gcc -c -g -O2  conftest.c >&5
configure:4143: $? = 0
configure:4143: result: yes
configure:4143: checking for stdint.h
configure:4143: gcc -c -g -O2  conftest.c >&5
configure:4143: $? = 0
configure:4143: result: yes
configure:4143: checking for unistd.h
configure:4143: gcc -c -g -O2  conftest.c >&5
configure:4143: $? = 0
configure:4143: result: yes
configure:4158: checking fcntl.h usability
configure:4158: gcc -c -g -O2  conftest.c >&5
configure:4158: $? = 0
configure:4158: result: yes
configure:4158: checking fcntl.h presence
configure:4158: gcc -E  conftest.c
configure:4158: $? = 0
configure:4158: result: yes
configure:4158: checking for fcntl.h
configure:4158: result: yes
configure:4158: checking for stdlib.h
configure:4158: result: yes
configure:4158: checking for string.h
configure:4158: result: yes
configure:4158: checking for unistd.h
configure:4158: result: yes
configure:4170: checking for pid_t
configure:4170: gcc -c -g -O2  conftest.c >&5
configure:4170: $? = 0
configure:4170: gcc -c -g -O2  conftest.c >&5
conftest.c: In function 'main':
conftest.c:63: error: expected expression before ')' token
configure:4170: $? = 1
configure: failed program was:
| /* confdefs.h */
| #define PACKAGE_NAME "mathtex"
| #define PACKAGE_TARNAME "mathtex"
| #define PACKAGE_VERSION "1.02"
| #define PACKAGE_STRING "mathtex 1.02"
| #define PACKAGE_BUGREPORT "BUG-REPORT-ADDRESS"
| #define PACKAGE_URL ""
| #define PACKAGE "mathtex"
| #define VERSION "1.02"
| #define LATEX "/usr/bin/latex"
| #define DVIPNG "/usr/bin/dvipng"
| #define STDC_HEADERS 1
| #define HAVE_SYS_TYPES_H 1
| #define HAVE_SYS_STAT_H 1
| #define HAVE_STDLIB_H 1
| #define HAVE_STRING_H 1
| #define HAVE_MEMORY_H 1
| #define HAVE_STRINGS_H 1
| #define HAVE_INTTYPES_H 1
| #define HAVE_STDINT_H 1
| #define HAVE_UNISTD_H 1
| #define HAVE_FCNTL_H 1
| #define HAVE_STDLIB_H 1
| #define HAVE_STRING_H 1
| #define HAVE_UNISTD_H 1
| /* end confdefs.h.  */
| #include <stdio.h>
| #ifdef HAVE_SYS_TYPES_H
| # include <sys/types.h>
| #endif
| #ifdef HAVE_SYS_STAT_H
| # include <sys/stat.h>
| #endif
| #ifdef STDC_HEADERS
| # include <stdlib.h>
| # include <stddef.h>
| #else
| # ifdef HAVE_STDLIB_H
| #  include <stdlib.h>
| # endif
| #endif
| #ifdef HAVE_STRING_H
| # if !defined STDC_HEADERS && defined HAVE_MEMORY_H
| #  include <memory.h>
| # endif
| # include <string.h>
| #endif
| #ifdef HAVE_STRINGS_H
| # include <strings.h>
| #endif
| #ifdef HAVE_INTTYPES_H
| # include <inttypes.h>
| #endif
| #ifdef HAVE_STDINT_H
| # include <stdint.h>
| #endif
| #ifdef HAVE_UNISTD_H
| # include <unistd.h>
| #endif
| int
| main ()
| {
| if (sizeof ((pid_t)))
| 	    return 0;
|   ;
|   return 0;
| }
configure:4170: result: yes
configure:4185: checking vfork.h usability
configure:4185: gcc -c -g -O2  conftest.c >&5
conftest.c:60:19: error: vfork.h: No such file or directory
configure:4185: $? = 1
configure: failed program was:
| /* confdefs.h */
| #define PACKAGE_NAME "mathtex"
| #define PACKAGE_TARNAME "mathtex"
| #define PACKAGE_VERSION "1.02"
| #define PACKAGE_STRING "mathtex 1.02"
| #define PACKAGE_BUGREPORT "BUG-REPORT-ADDRESS"
| #define PACKAGE_URL ""
| #define PACKAGE "mathtex"
| #define VERSION "1.02"
| #define LATEX "/usr/bin/latex"
| #define DVIPNG "/usr/bin/dvipng"
| #define STDC_HEADERS 1
| #define HAVE_SYS_TYPES_H 1
| #define HAVE_SYS_STAT_H 1
| #define HAVE_STDLIB_H 1
| #define HAVE_STRING_H 1
| #define HAVE_MEMORY_H 1
| #define HAVE_STRINGS_H 1
| #define HAVE_INTTYPES_H 1
| #define HAVE_STDINT_H 1
| #define HAVE_UNISTD_H 1
| #define HAVE_FCNTL_H 1
| #define HAVE_STDLIB_H 1
| #define HAVE_STRING_H 1
| #define HAVE_UNISTD_H 1
| /* end confdefs.h.  */
| #include <stdio.h>
| #ifdef HAVE_SYS_TYPES_H
| # include <sys/types.h>
| #endif
| #ifdef HAVE_SYS_STAT_H
| # include <sys/stat.h>
| #endif
| #ifdef STDC_HEADERS
| # include <stdlib.h>
| # include <stddef.h>
| #else
| # ifdef HAVE_STDLIB_H
| #  include <stdlib.h>
| # endif
| #endif
| #ifdef HAVE_STRING_H
| # if !defined STDC_HEADERS && defined HAVE_MEMORY_H
| #  include <memory.h>
| # endif
| # include <string.h>
| #endif
| #ifdef HAVE_STRINGS_H
| # include <strings.h>
| #endif
| #ifdef HAVE_INTTYPES_H
| # include <inttypes.h>
| #endif
| #ifdef HAVE_STDINT_H
| # include <stdint.h>
| #endif
| #ifdef HAVE_UNISTD_H
| # include <unistd.h>
| #endif
| #include <vfork.h>
configure:4185: result: no
configure:4185: checking vfork.h presence
configure:4185: gcc -E  conftest.c
conftest.c:27:19: error: vfork.h: No such file or directory
configure:4185: $? = 1
configure: failed program was:
| /* confdefs.h */
| #define PACKAGE_NAME "mathtex"
| #define PACKAGE_TARNAME "mathtex"
| #define PACKAGE_VERSION "1.02"
| #define PACKAGE_STRING "mathtex 1.02"
| #define PACKAGE_BUGREPORT "BUG-REPORT-ADDRESS"
| #define PACKAGE_URL ""
| #define PACKAGE "mathtex"
| #define VERSION "1.02"
| #define LATEX "/usr/bin/latex"
| #define DVIPNG "/usr/bin/dvipng"
| #define STDC_HEADERS 1
| #define HAVE_SYS_TYPES_H 1
| #define HAVE_SYS_STAT_H 1
| #define HAVE_STDLIB_H 1
| #define HAVE_STRING_H 1
| #define HAVE_MEMORY_H 1
| #define HAVE_STRINGS_H 1
| #define HAVE_INTTYPES_H 1
| #define HAVE_STDINT_H 1
| #define HAVE_UNISTD_H 1
| #define HAVE_FCNTL_H 1
| #define HAVE_STDLIB_H 1
| #define HAVE_STRING_H 1
| #define HAVE_UNISTD_H 1
| /* end confdefs.h.  */
| #include <vfork.h>
configure:4185: result: no
configure:4185: checking for vfork.h
configure:4185: result: no
configure:4198: checking for fork
configure:4198: gcc -o conftest -g -O2   conftest.c  >&5
conftest.c:50: warning: conflicting types for built-in function 'fork'
configure:4198: $? = 0
configure:4198: result: yes
configure:4198: checking for vfork
configure:4198: gcc -o conftest -g -O2   conftest.c  >&5
configure:4198: $? = 0
configure:4198: result: yes
configure:4208: checking for working fork
configure:4230: gcc -o conftest -g -O2   conftest.c  >&5
configure:4230: $? = 0
configure:4230: ./conftest
configure:4230: $? = 0
configure:4240: result: yes
configure:4261: checking for working vfork
configure:4371: result: yes
configure:4396: checking whether lstat correctly handles trailing slash
configure:4422: gcc -o conftest -g -O2   conftest.c  >&5
configure:4422: $? = 0
configure:4422: ./conftest
configure:4422: $? = 0
configure:4439: result: yes
configure:4458: checking for working strtod
configure:4499: gcc -o conftest -g -O2   conftest.c  >&5
configure:4499: $? = 0
configure:4499: ./conftest
configure:4499: $? = 0
configure:4509: result: yes
configure:4574: checking for alarm
configure:4574: gcc -o conftest -g -O2   conftest.c  >&5
configure:4574: $? = 0
configure:4574: result: yes
configure:4574: checking for memmove
configure:4574: gcc -o conftest -g -O2   conftest.c  >&5
conftest.c:56: warning: conflicting types for built-in function 'memmove'
configure:4574: $? = 0
configure:4574: result: yes
configure:4574: checking for memset
configure:4574: gcc -o conftest -g -O2   conftest.c  >&5
conftest.c:57: warning: conflicting types for built-in function 'memset'
configure:4574: $? = 0
configure:4574: result: yes
configure:4574: checking for mkdir
configure:4574: gcc -o conftest -g -O2   conftest.c  >&5
configure:4574: $? = 0
configure:4574: result: yes
configure:4574: checking for strchr
configure:4574: gcc -o conftest -g -O2   conftest.c  >&5
conftest.c:59: warning: conflicting types for built-in function 'strchr'
configure:4574: $? = 0
configure:4574: result: yes
configure:4574: checking for strcspn
configure:4574: gcc -o conftest -g -O2   conftest.c  >&5
conftest.c:60: warning: conflicting types for built-in function 'strcspn'
configure:4574: $? = 0
configure:4574: result: yes
configure:4574: checking for strncasecmp
configure:4574: gcc -o conftest -g -O2   conftest.c  >&5
conftest.c:61: warning: conflicting types for built-in function 'strncasecmp'
configure:4574: $? = 0
configure:4574: result: yes
configure:4574: checking for strspn
configure:4574: gcc -o conftest -g -O2   conftest.c  >&5
conftest.c:62: warning: conflicting types for built-in function 'strspn'
configure:4574: $? = 0
configure:4574: result: yes
configure:4574: checking for strstr
configure:4574: gcc -o conftest -g -O2   conftest.c  >&5
conftest.c:63: warning: conflicting types for built-in function 'strstr'
configure:4574: $? = 0
configure:4574: result: yes
configure:4703: creating ./config.status

## ---------------------- ##
## Running config.status. ##
## ---------------------- ##

This file was extended by mathtex config.status 1.02, which was
generated by GNU Autoconf 2.67.  Invocation command line was

  CONFIG_FILES    = 
  CONFIG_HEADERS  = 
  CONFIG_LINKS    = 
  CONFIG_COMMANDS = 
  $ ./config.status 

on wilsonBEAST

config.status:879: creating Makefile
config.status:879: creating config.h
config.status:1107: executing depfiles commands

## ---------------- ##
## Cache variables. ##
## ---------------- ##

ac_cv_c_compiler_gnu=yes
ac_cv_env_CC_set=
ac_cv_env_CC_value=
ac_cv_env_CFLAGS_set=
ac_cv_env_CFLAGS_value=
ac_cv_env_CPPFLAGS_set=
ac_cv_env_CPPFLAGS_value=
ac_cv_env_CPP_set=
ac_cv_env_CPP_value=
ac_cv_env_LDFLAGS_set=
ac_cv_env_LDFLAGS_value=
ac_cv_env_LIBS_set=
ac_cv_env_LIBS_value=
ac_cv_env_build_alias_set=
ac_cv_env_build_alias_value=
ac_cv_env_host_alias_set=
ac_cv_env_host_alias_value=
ac_cv_env_target_alias_set=
ac_cv_env_target_alias_value=
ac_cv_func_alarm=yes
ac_cv_func_fork=yes
ac_cv_func_fork_works=yes
ac_cv_func_lstat_dereferences_slashed_symlink=yes
ac_cv_func_memmove=yes
ac_cv_func_memset=yes
ac_cv_func_mkdir=yes
ac_cv_func_strchr=yes
ac_cv_func_strcspn=yes
ac_cv_func_strncasecmp=yes
ac_cv_func_strspn=yes
ac_cv_func_strstr=yes
ac_cv_func_strtod=yes
ac_cv_func_vfork=yes
ac_cv_func_vfork_works=yes
ac_cv_header_fcntl_h=yes
ac_cv_header_inttypes_h=yes
ac_cv_header_memory_h=yes
ac_cv_header_stdc=yes
ac_cv_header_stdint_h=yes
ac_cv_header_stdlib_h=yes
ac_cv_header_string_h=yes
ac_cv_header_strings_h=yes
ac_cv_header_sys_stat_h=yes
ac_cv_header_sys_types_h=yes
ac_cv_header_unistd_h=yes
ac_cv_header_vfork_h=no
ac_cv_objext=o
ac_cv_path_EGREP='/bin/grep -E'
ac_cv_path_GREP=/bin/grep
ac_cv_path_install='/usr/bin/install -c'
ac_cv_path_mkdir=/bin/mkdir
ac_cv_prog_AWK=gawk
ac_cv_prog_CPP='gcc -E'
ac_cv_prog_HAVE_DVIPNG=yes
ac_cv_prog_HAVE_LATEX=yes
ac_cv_prog_ac_ct_CC=gcc
ac_cv_prog_cc_c89=
ac_cv_prog_cc_g=yes
ac_cv_prog_make_make_set=yes
ac_cv_type_pid_t=yes
am_cv_CC_dependencies_compiler_type=gcc3

## ----------------- ##
## Output variables. ##
## ----------------- ##

ACLOCAL='${SHELL} /home/wilson/etc/xournalpp_run/missing --run aclocal-1.11'
AMDEPBACKSLASH='\'
AMDEP_FALSE='#'
AMDEP_TRUE=''
AMTAR='${SHELL} /home/wilson/etc/xournalpp_run/missing --run tar'
AUTOCONF='${SHELL} /home/wilson/etc/xournalpp_run/missing --run autoconf'
AUTOHEADER='${SHELL} /home/wilson/etc/xournalpp_run/missing --run autoheader'
AUTOMAKE='${SHELL} /home/wilson/etc/xournalpp_run/missing --run automake-1.11'
AWK='gawk'
CC='gcc'
CCDEPMODE='depmode=gcc3'
CFLAGS='-g -O2'
CPP='gcc -E'
CPPFLAGS=''
CYGPATH_W='echo'
DEFS='-DHAVE_CONFIG_H'
DEPDIR='.deps'
ECHO_C=''
ECHO_N='-n'
ECHO_T=''
EGREP='/bin/grep -E'
EXEEXT=''
GREP='/bin/grep'
HAVE_DVIPNG='yes'
HAVE_LATEX='yes'
INSTALL_DATA='${INSTALL} -m 644'
INSTALL_PROGRAM='${INSTALL}'
INSTALL_SCRIPT='${INSTALL}'
INSTALL_STRIP_PROGRAM='$(install_sh) -c -s'
LDFLAGS=''
LIBOBJS=''
LIBS=''
LTLIBOBJS=''
MAKEINFO='${SHELL} /home/wilson/etc/xournalpp_run/missing --run makeinfo'
MKDIR_P='/bin/mkdir -p'
OBJEXT='o'
PACKAGE='mathtex'
PACKAGE_BUGREPORT='BUG-REPORT-ADDRESS'
PACKAGE_NAME='mathtex'
PACKAGE_STRING='mathtex 1.02'
PACKAGE_TARNAME='mathtex'
PACKAGE_URL=''
PACKAGE_VERSION='1.02'
PATH_SEPARATOR=':'
POW_LIB=''
SET_MAKE=''
SHELL='/bin/bash'
STRIP=''
VERSION='1.02'
ac_ct_CC='gcc'
am__EXEEXT_FALSE=''
am__EXEEXT_TRUE='#'
am__fastdepCC_FALSE='#'
am__fastdepCC_TRUE=''
am__include='include'
am__isrc=''
am__leading_dot='.'
am__quote=''
am__tar='${AMTAR} chof - "$$tardir"'
am__untar='${AMTAR} xf -'
bindir='${exec_prefix}/bin'
build_alias=''
datadir='${datarootdir}'
datarootdir='${prefix}/share'
docdir='${datarootdir}/doc/${PACKAGE_TARNAME}'
dvidir='${docdir}'
exec_prefix='${prefix}'
host_alias=''
htmldir='${docdir}'
includedir='${prefix}/include'
infodir='${datarootdir}/info'
install_sh='${SHELL} /home/wilson/etc/xournalpp_run/install-sh'
libdir='${exec_prefix}/lib'
libexecdir='${exec_prefix}/libexec'
localedir='${datarootdir}/locale'
localstatedir='${prefix}/var'
mandir='${datarootdir}/man'
mkdir_p='/bin/mkdir -p'
oldincludedir='/usr/include'
pdfdir='${docdir}'
prefix='/usr/local'
program_transform_name='s,x,x,'
psdir='${docdir}'
sbindir='${exec_prefix}/sbin'
sharedstatedir='${prefix}/com'
sysconfdir='${prefix}/etc'
target_alias=''

## ----------- ##
## confdefs.h. ##
## ----------- ##

/* confdefs.h */
#define PACKAGE_NAME "mathtex"
#define PACKAGE_TARNAME "mathtex"
#define PACKAGE_VERSION "1.02"
#define PACKAGE_STRING "mathtex 1.02"
#define PACKAGE_BUGREPORT "BUG-REPORT-ADDRESS"
#define PACKAGE_URL ""
#define PACKAGE "mathtex"
#define VERSION "1.02"
#define LATEX "/usr/bin/latex"
#define DVIPNG "/usr/bin/dvipng"
#define STDC_HEADERS 1
#define HAVE_SYS_TYPES_H 1
#define HAVE_SYS_STAT_H 1
#define HAVE_STDLIB_H 1
#define HAVE_STRING_H 1
#define HAVE_MEMORY_H 1
#define HAVE_STRINGS_H 1
#define HAVE_INTTYPES_H 1
#define HAVE_STDINT_H 1
#define HAVE_UNISTD_H 1
#define HAVE_FCNTL_H 1
#define HAVE_STDLIB_H 1
#define HAVE_STRING_H 1
#define HAVE_UNISTD_H 1
#define HAVE_FORK 1
#define HAVE_VFORK 1
#define HAVE_WORKING_VFORK 1
#define HAVE_WORKING_FORK 1
#define LSTAT_FOLLOWS_SLASHED_SYMLINK 1
#define HAVE_ALARM 1
#define HAVE_MEMMOVE 1
#define HAVE_MEMSET 1
#define HAVE_MKDIR 1
#define HAVE_STRCHR 1
#define HAVE_STRCSPN 1
#define HAVE_STRNCASECMP 1
#define HAVE_STRSPN 1
#define HAVE_STRSTR 1

configure: exit 0
